#
# A fatal error has been detected by the Java Runtime Environment:
#
#  EXCEPTION_ACCESS_VIOLATION (0xc0000005) at pc=0x00007ffd8a4d3d5d, pid=22236, tid=23460
#
# JRE version: OpenJDK Runtime Environment Temurin-21.0.6+7 (21.0.6+7) (build 21.0.6+7-LTS)
# Java VM: OpenJDK 64-Bit Server VM Temurin-21.0.6+7 (21.0.6+7-LTS, mixed mode, sharing, tiered, compressed oops, compressed class ptrs, g1 gc, windows-amd64)
# Problematic frame:
# C  [lwjgl_opengl.dll+0x13d5d]
#
# No core dump will be written. Minidumps are not enabled by default on client versions of Windows
#
# If you would like to submit a bug report, please visit:
#   https://github.com/adoptium/adoptium-support/issues
# The crash happened outside the Java Virtual Machine in native code.
# See problematic frame for where to report the bug.
#

---------------  S U M M A R Y ------------

Command Line: -Dfile.encoding=UTF-8 -Duser.country=GB -Duser.language=en -Duser.variant com.crystal.sandbox.SandboxMain

Host: Intel(R) Core(TM) i7-9700F CPU @ 3.00GHz, 8 cores, 31G,  Windows 11 , 64 bit Build 26100 (10.0.26100.8328)
Time: Sat May  2 18:02:05 2026 GMT Daylight Time elapsed time: 0.506868 seconds (0d 0h 0m 0s)

---------------  T H R E A D  ---------------

Current thread (0x000002118ca56c30):  JavaThread "main"             [_thread_in_native, id=23460, stack(0x0000006a05300000,0x0000006a05400000) (1024K)]

Stack: [0x0000006a05300000,0x0000006a05400000],  sp=0x0000006a053ff3e8,  free space=1020k
Native frames: (J=compiled Java code, j=interpreted, Vv=VM code, C=native code)
C  [lwjgl_opengl.dll+0x13d5d]

Java frames: (J=compiled Java code, j=interpreted, Vv=VM code)
j  org.lwjgl.opengl.GL45C.nglCreateVertexArrays(IJ)V+0
j  org.lwjgl.opengl.GL45C.glCreateVertexArrays()I+20
j  org.lwjgl.opengl.GL45.glCreateVertexArrays()I+0
j  com.crystal.engine.render.gl.VertexArray.<init>()V+5
j  com.crystal.engine.render.mesh.Mesh.<init>(Lcom/crystal/engine/render/api/PrimitiveType;[F)V+22
j  com.crystal.sandbox.SandboxMain.<init>()V+68
j  com.crystal.sandbox.SandboxMain.main([Ljava/lang/String;)V+18
v  ~StubRoutines::call_stub 0x000002119ea5100d

siginfo: EXCEPTION_ACCESS_VIOLATION (0xc0000005), reading address 0x0000000000001f38


Registers:
RAX=0x00000211b388cde0, RBX=0x00000211f56d8830, RCX=0x0000000000000001, RDX=0x00000211b399d77c
RSP=0x0000006a053ff3e8, RBP=0x0000006a053ff470, RSI=0x00000211b3769348, RDI=0x000002119ea58860
R8 =0x0000000000000001, R9 =0x00000211b399d77c, R10=0x0000000000000000, R11=0x000000061f921900
R12=0x0000000000000000, R13=0x00000211f56d8830, R14=0x0000006a053ff4a0, R15=0x000002118ca56c30
RIP=0x00007ffd8a4d3d5d, EFLAGS=0x0000000000010202

XMM[0]=0x0000000000000000 0x0000000000000000
XMM[1]=0x0002119ea5a3d7b8 0x48f04e8b4d068b45
XMM[2]=0xc3000002119ea5a3 0xd7b848f04e8b4d06
XMM[3]=0x0068007400690077 0x002000640065006c
XMM[4]=0x003a007300750074 0x0061007400730020
XMM[5]=0x6574616572436c67 0x6e5f4335344c475f
XMM[6]=0x0000000000000000 0x0000000000000000
XMM[7]=0x0000000000000000 0x0000000000000000
XMM[8]=0x0000000000000000 0x0000000000000000
XMM[9]=0x0000000000000000 0x0000000000000000
XMM[10]=0x0000000000000000 0x0000000000000000
XMM[11]=0x0000000000000000 0x0000000000000000
XMM[12]=0x0000000000000000 0x0000000000000000
XMM[13]=0x0000000000000000 0x0000000000000000
XMM[14]=0x0000000000000000 0x0000000000000000
XMM[15]=0x0000000000000000 0x0000000000000000
  MXCSR=0x00001fa0


Register to memory mapping:

RAX=0x00000211b388cde0 points into unknown readable memory: 0x0000000000000000 | 00 00 00 00 00 00 00 00
RBX={method} {0x00000211f56d8838} 'nglCreateVertexArrays' '(IJ)V' in 'org/lwjgl/opengl/GL45C'
RCX=0x0000000000000001 is an unknown value
RDX=0x00000211b399d77c points into unknown readable memory: 00 00 00 00
RSP=0x0000006a053ff3e8 is pointing into the stack for thread: 0x000002118ca56c30
RBP=0x0000006a053ff470 is pointing into the stack for thread: 0x000002118ca56c30
RSI=0x00000211b3769348 points into unknown readable memory: 0x8000175c7b2a3300 | 00 33 2a 7b 5c 17 00 80
RDI=0x000002119ea58860 is at code_begin+1184 in an Interpreter codelet
return entry points  [0x000002119ea583c0, 0x000002119ea58f60]  2976 bytes
R8 =0x0000000000000001 is an unknown value
R9 =0x00000211b399d77c points into unknown readable memory: 00 00 00 00
R10=0x0 is null
R11=0x000000061f921900 is an oop: java.lang.Class 
{0x000000061f921900} - klass: 'java/lang/Class'
 - ---- fields (total size 25 words):
 - private volatile transient 'classRedefinedCount' 'I' @12  0 (0x00000000)
 - injected 'klass' 'J' @16  2275075123704 (0x00000211b50b69f8)
 - injected 'array_klass' 'J' @24  0 (0x0000000000000000)
 - injected 'oop_size' 'I' @32  25 (0x00000019)
 - injected 'static_oop_field_count' 'I' @36  0 (0x00000000)
 - private volatile transient 'cachedConstructor' 'Ljava/lang/reflect/Constructor;' @40  null (0x00000000)
 - private transient 'name' 'Ljava/lang/String;' @44  "org.lwjgl.opengl.GL45C"{0x000000061f9219d8} (0xc3f2433b)
 - private transient 'module' 'Ljava/lang/Module;' @48  a 'java/lang/Module'{0x0000000620867b30} (0xc410cf66)
 - private final 'classLoader' 'Ljava/lang/ClassLoader;' @52  a 'jdk/internal/loader/ClassLoaders$AppClassLoader'{0x0000000620867970} (0xc410cf2e)
 - private transient 'classData' 'Ljava/lang/Object;' @56  null (0x00000000)
 - private transient 'packageName' 'Ljava/lang/String;' @60  "org.lwjgl.opengl"{0x000000061fc3ba38} (0xc3f87747)
 - private final 'componentType' 'Ljava/lang/Class;' @64  null (0x00000000)
 - private volatile transient 'reflectionData' 'Ljava/lang/ref/SoftReference;' @68  null (0x00000000)
 - private volatile transient 'genericInfo' 'Lsun/reflect/generics/repository/ClassRepository;' @72  null (0x00000000)
 - private volatile transient 'enumConstants' '[Ljava/lang/Object;' @76  null (0x00000000)
 - private volatile transient 'enumConstantDirectory' 'Ljava/util/Map;' @80  null (0x00000000)
 - private volatile transient 'annotationData' 'Ljava/lang/Class$AnnotationData;' @84  null (0x00000000)
 - private volatile transient 'annotationType' 'Lsun/reflect/annotation/AnnotationType;' @88  null (0x00000000)
 - transient 'classValueMap' 'Ljava/lang/ClassValue$ClassValueMap;' @92  null (0x00000000)
 - injected 'protection_domain' 'Ljava/lang/Object;' @96  a 'java/security/ProtectionDomain'{0x000000061fc42798} (0xc3f884f3)
 - injected 'signers_name' 'Ljava/lang/Object;' @100  null (0x00000000)
 - injected 'source_file' 'Ljava/lang/Object;' @104  null (0x00000000)
 - injected '<init_lock>' 'Ljava/lang/Object;' @108  null (0x00000000)
 - signature: Lorg/lwjgl/opengl/GL45C;
 - ---- static fields (0):
 - public static final 'GL_NEGATIVE_ONE_TO_ONE' 'I' @112  37726 (0x0000935e)
 - public static final 'GL_ZERO_TO_ONE' 'I' @116  37727 (0x0000935f)
 - public static final 'GL_CLIP_ORIGIN' 'I' @120  37724 (0x0000935c)
 - public static final 'GL_CLIP_DEPTH_MODE' 'I' @124  37725 (0x0000935d)
 - public static final 'GL_QUERY_WAIT_INVERTED' 'I' @128  36375 (0x00008e17)
 - public static final 'GL_QUERY_NO_WAIT_INVERTED' 'I' @132  36376 (0x00008e18)
 - public static final 'GL_QUERY_BY_REGION_WAIT_INVERTED' 'I' @136  36377 (0x00008e19)
 - public static final 'GL_QUERY_BY_REGION_NO_WAIT_INVERTED' 'I' @140  36378 (0x00008e1a)
 - public static final 'GL_MAX_CULL_DISTANCES' 'I' @144  33529 (0x000082f9)
 - public static final 'GL_MAX_COMBINED_CLIP_AND_CULL_DISTANCES' 'I' @148  33530 (0x000082fa)
 - public static final 'GL_TEXTURE_TARGET' 'I' @152  4102 (0x00001006)
 - public static final 'GL_QUERY_TARGET' 'I' @156  33514 (0x000082ea)
 - public static final 'GL_CONTEXT_RELEASE_BEHAVIOR' 'I' @160  33531 (0x000082fb)
 - public static final 'GL_CONTEXT_RELEASE_BEHAVIOR_FLUSH' 'I' @164  33532 (0x000082fc)
 - public static final 'GL_GUILTY_CONTEXT_RESET' 'I' @168  33363 (0x00008253)
 - public static final 'GL_INNOCENT_CONTEXT_RESET' 'I' @172  33364 (0x00008254)
 - public static final 'GL_UNKNOWN_CONTEXT_RESET' 'I' @176  33365 (0x00008255)
 - public static final 'GL_RESET_NOTIFICATION_STRATEGY' 'I' @180  33366 (0x00008256)
 - public static final 'GL_LOSE_CONTEXT_ON_RESET' 'I' @184  33362 (0x00008252)
 - public static final 'GL_NO_RESET_NOTIFICATION' 'I' @188  33377 (0x00008261)
 - public static final 'GL_CONTEXT_FLAG_ROBUST_ACCESS_BIT' 'I' @192  4 (0x00000004)
 - public static final 'GL_CONTEXT_LOST' 'I' @196  1287 (0x00000507)
R12=0x0 is null
R13={method} {0x00000211f56d8838} 'nglCreateVertexArrays' '(IJ)V' in 'org/lwjgl/opengl/GL45C'
R14=0x0000006a053ff4a0 is pointing into the stack for thread: 0x000002118ca56c30
R15=0x000002118ca56c30 is a thread

Top of Stack: (sp=0x0000006a053ff3e8)
0x0000006a053ff3e8:   000002119ea5ce4b 000002119ea58860
0x0000006a053ff3f8:   000002119ea5cb37 00000211f56d8830
0x0000006a053ff408:   00000211b3769348 0000006a053ff488
0x0000006a053ff418:   000002119ea5893e 000002119ea5cadf
0x0000006a053ff428:   0000006a053ff428 00000211f56d8830
0x0000006a053ff438:   0000000000000006 00000211f5768c98
0x0000006a053ff448:   0000000000000000 000000061f921900
0x0000006a053ff458:   00000211f56d8830 0000000000000000
0x0000006a053ff468:   0000006a053ff490 0000006a053ff4f0
0x0000006a053ff478:   000002119ea58860 000000061f921900
0x0000006a053ff488:   000002119ea5a3d7 00000211b399d77c
0x0000006a053ff498:   0000000000000000 0000000000000001
0x0000006a053ff4a8:   0000006a053ff4a8 00000211f56d89b4
0x0000006a053ff4b8:   0000000000000006 00000211f5768c98
0x0000006a053ff4c8:   0000000000000000 000000061f921900
0x0000006a053ff4d8:   00000211f56d8a20 0000006a053ff490
0x0000006a053ff4e8:   0000006a053ff528 0000006a053ff570
0x0000006a053ff4f8:   000002119ea58988 0000000000000000
0x0000006a053ff508:   0000000000000000 000000061f93c390
0x0000006a053ff518:   0000000000010000 000000061ffb90c0
0x0000006a053ff528:   0000006a053ff528 00000211f5583a98
0x0000006a053ff538:   0000000000000001 00000211f564b4c0
0x0000006a053ff548:   0000000000000000 000000061fdc5050
0x0000006a053ff558:   00000211f5583ab0 0000006a053ff528
0x0000006a053ff568:   0000006a053ff580 0000006a053ff5d0
0x0000006a053ff578:   000002119ea58988 000000061fc3ada0
0x0000006a053ff588:   0000006a053ff588 00000211f556cc7d
0x0000006a053ff598:   0000000000000002 00000211f55701b0
0x0000006a053ff5a8:   0000000000000000 000000061fc3ac88
0x0000006a053ff5b8:   00000211f556cc98 0000006a053ff580
0x0000006a053ff5c8:   0000006a053ff5e0 0000006a053ff640
0x0000006a053ff5d8:   000002119ea58860 000000061fc3ada0 

Instructions: (pc=0x00007ffd8a4d3d5d)
0x00007ffd8a4d3c5d:   ff a2 00 1f 00 00 cc cc cc cc cc cc cc cc cc cc
0x00007ffd8a4d3c6d:   cc cc cc 40 53 48 8b 01 41 8b d8 44 8b 44 24 30
0x00007ffd8a4d3c7d:   41 8b d1 4c 8b 4c 24 38 8b cb 4c 8b 50 18 5b 49
0x00007ffd8a4d3c8d:   ff a2 08 1f 00 00 cc cc cc cc cc cc cc cc cc cc
0x00007ffd8a4d3c9d:   cc cc cc 40 53 48 8b 01 41 8b d8 44 8b 44 24 30
0x00007ffd8a4d3cad:   41 8b d1 4c 8b 4c 24 38 8b cb 4c 8b 50 18 5b 49
0x00007ffd8a4d3cbd:   ff a2 10 1f 00 00 cc cc cc cc cc cc cc cc cc cc
0x00007ffd8a4d3ccd:   cc cc cc 48 8b 01 45 8b d8 4c 8b 44 24 28 41 8b
0x00007ffd8a4d3cdd:   d1 41 8b cb 4c 8b 50 18 49 ff a2 18 1f 00 00 cc
0x00007ffd8a4d3ced:   cc cc cc 48 8b 01 45 8b d8 4c 8b 44 24 28 41 8b
0x00007ffd8a4d3cfd:   d1 41 8b cb 4c 8b 50 18 49 ff a2 20 1f 00 00 cc
0x00007ffd8a4d3d0d:   cc cc cc 48 8b 01 45 8b d8 4c 8b 44 24 28 41 8b
0x00007ffd8a4d3d1d:   d1 41 8b cb 4c 8b 50 18 49 ff a2 28 1f 00 00 cc
0x00007ffd8a4d3d2d:   cc cc cc 48 8b 01 45 8b d8 4c 8b 44 24 28 41 8b
0x00007ffd8a4d3d3d:   d1 41 8b cb 4c 8b 50 18 49 ff a2 30 1f 00 00 cc
0x00007ffd8a4d3d4d:   cc cc cc 48 8b 01 49 8b d1 41 8b c8 4c 8b 50 18
0x00007ffd8a4d3d5d:   49 ff a2 38 1f 00 00 cc cc cc cc cc cc cc cc cc
0x00007ffd8a4d3d6d:   cc cc cc 48 8b 01 41 8b d1 41 8b c8 4c 8b 50 18
0x00007ffd8a4d3d7d:   49 ff a2 40 1f 00 00 cc cc cc cc cc cc cc cc cc
0x00007ffd8a4d3d8d:   cc cc cc 48 8b 01 41 8b d1 41 8b c8 4c 8b 50 18
0x00007ffd8a4d3d9d:   49 ff a2 48 1f 00 00 cc cc cc cc cc cc cc cc cc
0x00007ffd8a4d3dad:   cc cc cc 48 8b 01 41 8b d1 41 8b c8 4c 8b 50 18
0x00007ffd8a4d3dbd:   49 ff a2 50 1f 00 00 cc cc cc cc cc cc cc cc cc
0x00007ffd8a4d3dcd:   cc cc cc 40 53 48 8b 01 41 8b d8 44 8b 44 24 30
0x00007ffd8a4d3ddd:   41 8b d1 4c 8b 4c 24 38 8b cb 4c 8b 50 18 8b 44
0x00007ffd8a4d3ded:   24 40 89 44 24 30 5b 49 ff a2 58 1f 00 00 cc cc
0x00007ffd8a4d3dfd:   cc cc cc 40 53 48 8b 01 41 8b d8 44 8b 44 24 30
0x00007ffd8a4d3e0d:   41 8b d1 4c 8b 4c 24 38 8b cb 4c 8b 50 18 48 8b
0x00007ffd8a4d3e1d:   44 24 48 48 89 44 24 38 48 8b 44 24 40 48 89 44
0x00007ffd8a4d3e2d:   24 30 5b 49 ff a2 60 1f 00 00 cc cc cc cc cc cc
0x00007ffd8a4d3e3d:   cc cc cc 40 53 48 8b 01 41 8b d8 44 8b 44 24 30
0x00007ffd8a4d3e4d:   41 8b d1 44 8b 4c 24 38 8b cb 4c 8b 50 18 8b 44 


Stack slot to memory mapping:

stack at sp + 0 slots: 0x000002119ea5ce4b is at code_begin+1067 in an Interpreter codelet
native method entry point (kind = native)  [0x000002119ea5ca20, 0x000002119ea5d548]  2856 bytes
stack at sp + 1 slots: 0x000002119ea58860 is at code_begin+1184 in an Interpreter codelet
return entry points  [0x000002119ea583c0, 0x000002119ea58f60]  2976 bytes
stack at sp + 2 slots: 0x000002119ea5cb37 is at code_begin+279 in an Interpreter codelet
native method entry point (kind = native)  [0x000002119ea5ca20, 0x000002119ea5d548]  2856 bytes
stack at sp + 3 slots: {method} {0x00000211f56d8838} 'nglCreateVertexArrays' '(IJ)V' in 'org/lwjgl/opengl/GL45C'
stack at sp + 4 slots: 0x00000211b3769348 points into unknown readable memory: 0x8000175c7b2a3300 | 00 33 2a 7b 5c 17 00 80
stack at sp + 5 slots: 0x0000006a053ff488 is pointing into the stack for thread: 0x000002118ca56c30
stack at sp + 6 slots: 0x000002119ea5893e is at code_begin+1406 in an Interpreter codelet
return entry points  [0x000002119ea583c0, 0x000002119ea58f60]  2976 bytes
stack at sp + 7 slots: 0x000002119ea5cadf is at code_begin+191 in an Interpreter codelet
native method entry point (kind = native)  [0x000002119ea5ca20, 0x000002119ea5d548]  2856 bytes


---------------  P R O C E S S  ---------------

Threads class SMR info:
_java_thread_list=0x00000211b348f0b0, length=12, elements={
0x000002118ca56c30, 0x00000211b2ae8560, 0x00000211b2ae9b20, 0x00000211b2af0a10,
0x00000211b2af25a0, 0x00000211b2af3b60, 0x00000211b2afb540, 0x00000211b2b06a60,
0x00000211b2b07c70, 0x00000211b343eaf0, 0x00000211b343d740, 0x00000211b35bb650
}

Java Threads: ( => current thread )
=>0x000002118ca56c30 JavaThread "main"                              [_thread_in_native, id=23460, stack(0x0000006a05300000,0x0000006a05400000) (1024K)]
  0x00000211b2ae8560 JavaThread "Reference Handler"          daemon [_thread_blocked, id=18984, stack(0x0000006a05b00000,0x0000006a05c00000) (1024K)]
  0x00000211b2ae9b20 JavaThread "Finalizer"                  daemon [_thread_blocked, id=21384, stack(0x0000006a05c00000,0x0000006a05d00000) (1024K)]
  0x00000211b2af0a10 JavaThread "Signal Dispatcher"          daemon [_thread_blocked, id=3328, stack(0x0000006a05d00000,0x0000006a05e00000) (1024K)]
  0x00000211b2af25a0 JavaThread "Attach Listener"            daemon [_thread_blocked, id=6896, stack(0x0000006a05e00000,0x0000006a05f00000) (1024K)]
  0x00000211b2af3b60 JavaThread "Service Thread"             daemon [_thread_blocked, id=24160, stack(0x0000006a05f00000,0x0000006a06000000) (1024K)]
  0x00000211b2afb540 JavaThread "Monitor Deflation Thread"   daemon [_thread_blocked, id=16932, stack(0x0000006a06000000,0x0000006a06100000) (1024K)]
  0x00000211b2b06a60 JavaThread "C2 CompilerThread0"         daemon [_thread_blocked, id=18064, stack(0x0000006a06100000,0x0000006a06200000) (1024K)]
  0x00000211b2b07c70 JavaThread "C1 CompilerThread0"         daemon [_thread_blocked, id=23992, stack(0x0000006a06200000,0x0000006a06300000) (1024K)]
  0x00000211b343eaf0 JavaThread "Notification Thread"        daemon [_thread_blocked, id=22144, stack(0x0000006a06300000,0x0000006a06400000) (1024K)]
  0x00000211b343d740 JavaThread "Common-Cleaner"             daemon [_thread_blocked, id=25508, stack(0x0000006a06400000,0x0000006a06500000) (1024K)]
  0x00000211b35bb650 JavaThread "C2 CompilerThread1"         daemon [_thread_blocked, id=13728, stack(0x0000006a06500000,0x0000006a06600000) (1024K)]
Total: 12

Other Threads:
  0x00000211b2ac7100 VMThread "VM Thread"                           [id=7320, stack(0x0000006a05a00000,0x0000006a05b00000) (1024K)]
  0x00000211b3321090 WatcherThread "VM Periodic Task Thread"        [id=23236, stack(0x0000006a05900000,0x0000006a05a00000) (1024K)]
  0x000002118eee6090 WorkerThread "GC Thread#0"                     [id=19464, stack(0x0000006a05400000,0x0000006a05500000) (1024K)]
  0x000002118eef8690 ConcurrentGCThread "G1 Main Marker"            [id=22100, stack(0x0000006a05500000,0x0000006a05600000) (1024K)]
  0x000002118eef9930 WorkerThread "G1 Conc#0"                       [id=21832, stack(0x0000006a05600000,0x0000006a05700000) (1024K)]
  0x00000211b29f2310 ConcurrentGCThread "G1 Refine#0"               [id=10840, stack(0x0000006a05700000,0x0000006a05800000) (1024K)]
  0x00000211b29f2e80 ConcurrentGCThread "G1 Service"                [id=368, stack(0x0000006a05800000,0x0000006a05900000) (1024K)]
Total: 7

Threads with active compile tasks:
Total: 0

VM state: not at safepoint (normal execution)

VM Mutex/Monitor currently owned by a thread: None

Heap address: 0x0000000600c00000, size: 8180 MB, Compressed Oops mode: Zero based, Oop shift amount: 3

CDS archive(s) mapped at: [0x00000211b4000000-0x00000211b4c80000-0x00000211b4c80000), size 13107200, SharedBaseAddress: 0x00000211b4000000, ArchiveRelocationMode: 1.
Compressed class space mapped at: 0x00000211b5000000-0x00000211f5000000, reserved size: 1073741824
Narrow klass base: 0x00000211b4000000, Narrow klass shift: 0, Narrow klass range: 0x100000000

GC Precious Log:
 CardTable entry size: 512
 Card Set container configuration: InlinePtr #cards 4 size 8 Array Of Cards #cards 32 size 80 Howl #buckets 8 coarsen threshold 7372 Howl Bitmap #cards 1024 size 144 coarsen threshold 921 Card regions per heap region 1 cards per card region 8192
 CPUs: 8 total, 8 available
 Memory: 32705M
 Large Page Support: Disabled
 NUMA Support: Disabled
 Compressed Oops: Enabled (Zero based)
 Heap Region Size: 4M
 Heap Min Capacity: 8M
 Heap Initial Capacity: 512M
 Heap Max Capacity: 8180M
 Pre-touch: Disabled
 Parallel Workers: 8
 Concurrent Workers: 2
 Concurrent Refinement Workers: 8
 Periodic GC: Disabled

Heap:
 garbage-first heap   total 524288K, used 12288K [0x0000000600c00000, 0x0000000800000000)
  region size 4096K, 5 young (20480K), 0 survivors (0K)
 Metaspace       used 7819K, committed 8000K, reserved 1114112K
  class space    used 779K, committed 896K, reserved 1048576K

Heap Regions: E=young(eden), S=young(survivor), O=old, HS=humongous(starts), HC=humongous(continues), CS=collection set, F=free, TAMS=top-at-mark-start, PB=parsable bottom
|   0|0x0000000600c00000, 0x0000000600c00000, 0x0000000601000000|  0%| F|  |TAMS 0x0000000600c00000| PB 0x0000000600c00000| Untracked 
|   1|0x0000000601000000, 0x0000000601000000, 0x0000000601400000|  0%| F|  |TAMS 0x0000000601000000| PB 0x0000000601000000| Untracked 
|   2|0x0000000601400000, 0x0000000601400000, 0x0000000601800000|  0%| F|  |TAMS 0x0000000601400000| PB 0x0000000601400000| Untracked 
|   3|0x0000000601800000, 0x0000000601800000, 0x0000000601c00000|  0%| F|  |TAMS 0x0000000601800000| PB 0x0000000601800000| Untracked 
|   4|0x0000000601c00000, 0x0000000601c00000, 0x0000000602000000|  0%| F|  |TAMS 0x0000000601c00000| PB 0x0000000601c00000| Untracked 
|   5|0x0000000602000000, 0x0000000602000000, 0x0000000602400000|  0%| F|  |TAMS 0x0000000602000000| PB 0x0000000602000000| Untracked 
|   6|0x0000000602400000, 0x0000000602400000, 0x0000000602800000|  0%| F|  |TAMS 0x0000000602400000| PB 0x0000000602400000| Untracked 
|   7|0x0000000602800000, 0x0000000602800000, 0x0000000602c00000|  0%| F|  |TAMS 0x0000000602800000| PB 0x0000000602800000| Untracked 
|   8|0x0000000602c00000, 0x0000000602c00000, 0x0000000603000000|  0%| F|  |TAMS 0x0000000602c00000| PB 0x0000000602c00000| Untracked 
|   9|0x0000000603000000, 0x0000000603000000, 0x0000000603400000|  0%| F|  |TAMS 0x0000000603000000| PB 0x0000000603000000| Untracked 
|  10|0x0000000603400000, 0x0000000603400000, 0x0000000603800000|  0%| F|  |TAMS 0x0000000603400000| PB 0x0000000603400000| Untracked 
|  11|0x0000000603800000, 0x0000000603800000, 0x0000000603c00000|  0%| F|  |TAMS 0x0000000603800000| PB 0x0000000603800000| Untracked 
|  12|0x0000000603c00000, 0x0000000603c00000, 0x0000000604000000|  0%| F|  |TAMS 0x0000000603c00000| PB 0x0000000603c00000| Untracked 
|  13|0x0000000604000000, 0x0000000604000000, 0x0000000604400000|  0%| F|  |TAMS 0x0000000604000000| PB 0x0000000604000000| Untracked 
|  14|0x0000000604400000, 0x0000000604400000, 0x0000000604800000|  0%| F|  |TAMS 0x0000000604400000| PB 0x0000000604400000| Untracked 
|  15|0x0000000604800000, 0x0000000604800000, 0x0000000604c00000|  0%| F|  |TAMS 0x0000000604800000| PB 0x0000000604800000| Untracked 
|  16|0x0000000604c00000, 0x0000000604c00000, 0x0000000605000000|  0%| F|  |TAMS 0x0000000604c00000| PB 0x0000000604c00000| Untracked 
|  17|0x0000000605000000, 0x0000000605000000, 0x0000000605400000|  0%| F|  |TAMS 0x0000000605000000| PB 0x0000000605000000| Untracked 
|  18|0x0000000605400000, 0x0000000605400000, 0x0000000605800000|  0%| F|  |TAMS 0x0000000605400000| PB 0x0000000605400000| Untracked 
|  19|0x0000000605800000, 0x0000000605800000, 0x0000000605c00000|  0%| F|  |TAMS 0x0000000605800000| PB 0x0000000605800000| Untracked 
|  20|0x0000000605c00000, 0x0000000605c00000, 0x0000000606000000|  0%| F|  |TAMS 0x0000000605c00000| PB 0x0000000605c00000| Untracked 
|  21|0x0000000606000000, 0x0000000606000000, 0x0000000606400000|  0%| F|  |TAMS 0x0000000606000000| PB 0x0000000606000000| Untracked 
|  22|0x0000000606400000, 0x0000000606400000, 0x0000000606800000|  0%| F|  |TAMS 0x0000000606400000| PB 0x0000000606400000| Untracked 
|  23|0x0000000606800000, 0x0000000606800000, 0x0000000606c00000|  0%| F|  |TAMS 0x0000000606800000| PB 0x0000000606800000| Untracked 
|  24|0x0000000606c00000, 0x0000000606c00000, 0x0000000607000000|  0%| F|  |TAMS 0x0000000606c00000| PB 0x0000000606c00000| Untracked 
|  25|0x0000000607000000, 0x0000000607000000, 0x0000000607400000|  0%| F|  |TAMS 0x0000000607000000| PB 0x0000000607000000| Untracked 
|  26|0x0000000607400000, 0x0000000607400000, 0x0000000607800000|  0%| F|  |TAMS 0x0000000607400000| PB 0x0000000607400000| Untracked 
|  27|0x0000000607800000, 0x0000000607800000, 0x0000000607c00000|  0%| F|  |TAMS 0x0000000607800000| PB 0x0000000607800000| Untracked 
|  28|0x0000000607c00000, 0x0000000607c00000, 0x0000000608000000|  0%| F|  |TAMS 0x0000000607c00000| PB 0x0000000607c00000| Untracked 
|  29|0x0000000608000000, 0x0000000608000000, 0x0000000608400000|  0%| F|  |TAMS 0x0000000608000000| PB 0x0000000608000000| Untracked 
|  30|0x0000000608400000, 0x0000000608400000, 0x0000000608800000|  0%| F|  |TAMS 0x0000000608400000| PB 0x0000000608400000| Untracked 
|  31|0x0000000608800000, 0x0000000608800000, 0x0000000608c00000|  0%| F|  |TAMS 0x0000000608800000| PB 0x0000000608800000| Untracked 
|  32|0x0000000608c00000, 0x0000000608c00000, 0x0000000609000000|  0%| F|  |TAMS 0x0000000608c00000| PB 0x0000000608c00000| Untracked 
|  33|0x0000000609000000, 0x0000000609000000, 0x0000000609400000|  0%| F|  |TAMS 0x0000000609000000| PB 0x0000000609000000| Untracked 
|  34|0x0000000609400000, 0x0000000609400000, 0x0000000609800000|  0%| F|  |TAMS 0x0000000609400000| PB 0x0000000609400000| Untracked 
|  35|0x0000000609800000, 0x0000000609800000, 0x0000000609c00000|  0%| F|  |TAMS 0x0000000609800000| PB 0x0000000609800000| Untracked 
|  36|0x0000000609c00000, 0x0000000609c00000, 0x000000060a000000|  0%| F|  |TAMS 0x0000000609c00000| PB 0x0000000609c00000| Untracked 
|  37|0x000000060a000000, 0x000000060a000000, 0x000000060a400000|  0%| F|  |TAMS 0x000000060a000000| PB 0x000000060a000000| Untracked 
|  38|0x000000060a400000, 0x000000060a400000, 0x000000060a800000|  0%| F|  |TAMS 0x000000060a400000| PB 0x000000060a400000| Untracked 
|  39|0x000000060a800000, 0x000000060a800000, 0x000000060ac00000|  0%| F|  |TAMS 0x000000060a800000| PB 0x000000060a800000| Untracked 
|  40|0x000000060ac00000, 0x000000060ac00000, 0x000000060b000000|  0%| F|  |TAMS 0x000000060ac00000| PB 0x000000060ac00000| Untracked 
|  41|0x000000060b000000, 0x000000060b000000, 0x000000060b400000|  0%| F|  |TAMS 0x000000060b000000| PB 0x000000060b000000| Untracked 
|  42|0x000000060b400000, 0x000000060b400000, 0x000000060b800000|  0%| F|  |TAMS 0x000000060b400000| PB 0x000000060b400000| Untracked 
|  43|0x000000060b800000, 0x000000060b800000, 0x000000060bc00000|  0%| F|  |TAMS 0x000000060b800000| PB 0x000000060b800000| Untracked 
|  44|0x000000060bc00000, 0x000000060bc00000, 0x000000060c000000|  0%| F|  |TAMS 0x000000060bc00000| PB 0x000000060bc00000| Untracked 
|  45|0x000000060c000000, 0x000000060c000000, 0x000000060c400000|  0%| F|  |TAMS 0x000000060c000000| PB 0x000000060c000000| Untracked 
|  46|0x000000060c400000, 0x000000060c400000, 0x000000060c800000|  0%| F|  |TAMS 0x000000060c400000| PB 0x000000060c400000| Untracked 
|  47|0x000000060c800000, 0x000000060c800000, 0x000000060cc00000|  0%| F|  |TAMS 0x000000060c800000| PB 0x000000060c800000| Untracked 
|  48|0x000000060cc00000, 0x000000060cc00000, 0x000000060d000000|  0%| F|  |TAMS 0x000000060cc00000| PB 0x000000060cc00000| Untracked 
|  49|0x000000060d000000, 0x000000060d000000, 0x000000060d400000|  0%| F|  |TAMS 0x000000060d000000| PB 0x000000060d000000| Untracked 
|  50|0x000000060d400000, 0x000000060d400000, 0x000000060d800000|  0%| F|  |TAMS 0x000000060d400000| PB 0x000000060d400000| Untracked 
|  51|0x000000060d800000, 0x000000060d800000, 0x000000060dc00000|  0%| F|  |TAMS 0x000000060d800000| PB 0x000000060d800000| Untracked 
|  52|0x000000060dc00000, 0x000000060dc00000, 0x000000060e000000|  0%| F|  |TAMS 0x000000060dc00000| PB 0x000000060dc00000| Untracked 
|  53|0x000000060e000000, 0x000000060e000000, 0x000000060e400000|  0%| F|  |TAMS 0x000000060e000000| PB 0x000000060e000000| Untracked 
|  54|0x000000060e400000, 0x000000060e400000, 0x000000060e800000|  0%| F|  |TAMS 0x000000060e400000| PB 0x000000060e400000| Untracked 
|  55|0x000000060e800000, 0x000000060e800000, 0x000000060ec00000|  0%| F|  |TAMS 0x000000060e800000| PB 0x000000060e800000| Untracked 
|  56|0x000000060ec00000, 0x000000060ec00000, 0x000000060f000000|  0%| F|  |TAMS 0x000000060ec00000| PB 0x000000060ec00000| Untracked 
|  57|0x000000060f000000, 0x000000060f000000, 0x000000060f400000|  0%| F|  |TAMS 0x000000060f000000| PB 0x000000060f000000| Untracked 
|  58|0x000000060f400000, 0x000000060f400000, 0x000000060f800000|  0%| F|  |TAMS 0x000000060f400000| PB 0x000000060f400000| Untracked 
|  59|0x000000060f800000, 0x000000060f800000, 0x000000060fc00000|  0%| F|  |TAMS 0x000000060f800000| PB 0x000000060f800000| Untracked 
|  60|0x000000060fc00000, 0x000000060fc00000, 0x0000000610000000|  0%| F|  |TAMS 0x000000060fc00000| PB 0x000000060fc00000| Untracked 
|  61|0x0000000610000000, 0x0000000610000000, 0x0000000610400000|  0%| F|  |TAMS 0x0000000610000000| PB 0x0000000610000000| Untracked 
|  62|0x0000000610400000, 0x0000000610400000, 0x0000000610800000|  0%| F|  |TAMS 0x0000000610400000| PB 0x0000000610400000| Untracked 
|  63|0x0000000610800000, 0x0000000610800000, 0x0000000610c00000|  0%| F|  |TAMS 0x0000000610800000| PB 0x0000000610800000| Untracked 
|  64|0x0000000610c00000, 0x0000000610c00000, 0x0000000611000000|  0%| F|  |TAMS 0x0000000610c00000| PB 0x0000000610c00000| Untracked 
|  65|0x0000000611000000, 0x0000000611000000, 0x0000000611400000|  0%| F|  |TAMS 0x0000000611000000| PB 0x0000000611000000| Untracked 
|  66|0x0000000611400000, 0x0000000611400000, 0x0000000611800000|  0%| F|  |TAMS 0x0000000611400000| PB 0x0000000611400000| Untracked 
|  67|0x0000000611800000, 0x0000000611800000, 0x0000000611c00000|  0%| F|  |TAMS 0x0000000611800000| PB 0x0000000611800000| Untracked 
|  68|0x0000000611c00000, 0x0000000611c00000, 0x0000000612000000|  0%| F|  |TAMS 0x0000000611c00000| PB 0x0000000611c00000| Untracked 
|  69|0x0000000612000000, 0x0000000612000000, 0x0000000612400000|  0%| F|  |TAMS 0x0000000612000000| PB 0x0000000612000000| Untracked 
|  70|0x0000000612400000, 0x0000000612400000, 0x0000000612800000|  0%| F|  |TAMS 0x0000000612400000| PB 0x0000000612400000| Untracked 
|  71|0x0000000612800000, 0x0000000612800000, 0x0000000612c00000|  0%| F|  |TAMS 0x0000000612800000| PB 0x0000000612800000| Untracked 
|  72|0x0000000612c00000, 0x0000000612c00000, 0x0000000613000000|  0%| F|  |TAMS 0x0000000612c00000| PB 0x0000000612c00000| Untracked 
|  73|0x0000000613000000, 0x0000000613000000, 0x0000000613400000|  0%| F|  |TAMS 0x0000000613000000| PB 0x0000000613000000| Untracked 
|  74|0x0000000613400000, 0x0000000613400000, 0x0000000613800000|  0%| F|  |TAMS 0x0000000613400000| PB 0x0000000613400000| Untracked 
|  75|0x0000000613800000, 0x0000000613800000, 0x0000000613c00000|  0%| F|  |TAMS 0x0000000613800000| PB 0x0000000613800000| Untracked 
|  76|0x0000000613c00000, 0x0000000613c00000, 0x0000000614000000|  0%| F|  |TAMS 0x0000000613c00000| PB 0x0000000613c00000| Untracked 
|  77|0x0000000614000000, 0x0000000614000000, 0x0000000614400000|  0%| F|  |TAMS 0x0000000614000000| PB 0x0000000614000000| Untracked 
|  78|0x0000000614400000, 0x0000000614400000, 0x0000000614800000|  0%| F|  |TAMS 0x0000000614400000| PB 0x0000000614400000| Untracked 
|  79|0x0000000614800000, 0x0000000614800000, 0x0000000614c00000|  0%| F|  |TAMS 0x0000000614800000| PB 0x0000000614800000| Untracked 
|  80|0x0000000614c00000, 0x0000000614c00000, 0x0000000615000000|  0%| F|  |TAMS 0x0000000614c00000| PB 0x0000000614c00000| Untracked 
|  81|0x0000000615000000, 0x0000000615000000, 0x0000000615400000|  0%| F|  |TAMS 0x0000000615000000| PB 0x0000000615000000| Untracked 
|  82|0x0000000615400000, 0x0000000615400000, 0x0000000615800000|  0%| F|  |TAMS 0x0000000615400000| PB 0x0000000615400000| Untracked 
|  83|0x0000000615800000, 0x0000000615800000, 0x0000000615c00000|  0%| F|  |TAMS 0x0000000615800000| PB 0x0000000615800000| Untracked 
|  84|0x0000000615c00000, 0x0000000615c00000, 0x0000000616000000|  0%| F|  |TAMS 0x0000000615c00000| PB 0x0000000615c00000| Untracked 
|  85|0x0000000616000000, 0x0000000616000000, 0x0000000616400000|  0%| F|  |TAMS 0x0000000616000000| PB 0x0000000616000000| Untracked 
|  86|0x0000000616400000, 0x0000000616400000, 0x0000000616800000|  0%| F|  |TAMS 0x0000000616400000| PB 0x0000000616400000| Untracked 
|  87|0x0000000616800000, 0x0000000616800000, 0x0000000616c00000|  0%| F|  |TAMS 0x0000000616800000| PB 0x0000000616800000| Untracked 
|  88|0x0000000616c00000, 0x0000000616c00000, 0x0000000617000000|  0%| F|  |TAMS 0x0000000616c00000| PB 0x0000000616c00000| Untracked 
|  89|0x0000000617000000, 0x0000000617000000, 0x0000000617400000|  0%| F|  |TAMS 0x0000000617000000| PB 0x0000000617000000| Untracked 
|  90|0x0000000617400000, 0x0000000617400000, 0x0000000617800000|  0%| F|  |TAMS 0x0000000617400000| PB 0x0000000617400000| Untracked 
|  91|0x0000000617800000, 0x0000000617800000, 0x0000000617c00000|  0%| F|  |TAMS 0x0000000617800000| PB 0x0000000617800000| Untracked 
|  92|0x0000000617c00000, 0x0000000617c00000, 0x0000000618000000|  0%| F|  |TAMS 0x0000000617c00000| PB 0x0000000617c00000| Untracked 
|  93|0x0000000618000000, 0x0000000618000000, 0x0000000618400000|  0%| F|  |TAMS 0x0000000618000000| PB 0x0000000618000000| Untracked 
|  94|0x0000000618400000, 0x0000000618400000, 0x0000000618800000|  0%| F|  |TAMS 0x0000000618400000| PB 0x0000000618400000| Untracked 
|  95|0x0000000618800000, 0x0000000618800000, 0x0000000618c00000|  0%| F|  |TAMS 0x0000000618800000| PB 0x0000000618800000| Untracked 
|  96|0x0000000618c00000, 0x0000000618c00000, 0x0000000619000000|  0%| F|  |TAMS 0x0000000618c00000| PB 0x0000000618c00000| Untracked 
|  97|0x0000000619000000, 0x0000000619000000, 0x0000000619400000|  0%| F|  |TAMS 0x0000000619000000| PB 0x0000000619000000| Untracked 
|  98|0x0000000619400000, 0x0000000619400000, 0x0000000619800000|  0%| F|  |TAMS 0x0000000619400000| PB 0x0000000619400000| Untracked 
|  99|0x0000000619800000, 0x0000000619800000, 0x0000000619c00000|  0%| F|  |TAMS 0x0000000619800000| PB 0x0000000619800000| Untracked 
| 100|0x0000000619c00000, 0x0000000619c00000, 0x000000061a000000|  0%| F|  |TAMS 0x0000000619c00000| PB 0x0000000619c00000| Untracked 
| 101|0x000000061a000000, 0x000000061a000000, 0x000000061a400000|  0%| F|  |TAMS 0x000000061a000000| PB 0x000000061a000000| Untracked 
| 102|0x000000061a400000, 0x000000061a400000, 0x000000061a800000|  0%| F|  |TAMS 0x000000061a400000| PB 0x000000061a400000| Untracked 
| 103|0x000000061a800000, 0x000000061a800000, 0x000000061ac00000|  0%| F|  |TAMS 0x000000061a800000| PB 0x000000061a800000| Untracked 
| 104|0x000000061ac00000, 0x000000061ac00000, 0x000000061b000000|  0%| F|  |TAMS 0x000000061ac00000| PB 0x000000061ac00000| Untracked 
| 105|0x000000061b000000, 0x000000061b000000, 0x000000061b400000|  0%| F|  |TAMS 0x000000061b000000| PB 0x000000061b000000| Untracked 
| 106|0x000000061b400000, 0x000000061b400000, 0x000000061b800000|  0%| F|  |TAMS 0x000000061b400000| PB 0x000000061b400000| Untracked 
| 107|0x000000061b800000, 0x000000061b800000, 0x000000061bc00000|  0%| F|  |TAMS 0x000000061b800000| PB 0x000000061b800000| Untracked 
| 108|0x000000061bc00000, 0x000000061bc00000, 0x000000061c000000|  0%| F|  |TAMS 0x000000061bc00000| PB 0x000000061bc00000| Untracked 
| 109|0x000000061c000000, 0x000000061c000000, 0x000000061c400000|  0%| F|  |TAMS 0x000000061c000000| PB 0x000000061c000000| Untracked 
| 110|0x000000061c400000, 0x000000061c400000, 0x000000061c800000|  0%| F|  |TAMS 0x000000061c400000| PB 0x000000061c400000| Untracked 
| 111|0x000000061c800000, 0x000000061c800000, 0x000000061cc00000|  0%| F|  |TAMS 0x000000061c800000| PB 0x000000061c800000| Untracked 
| 112|0x000000061cc00000, 0x000000061cc00000, 0x000000061d000000|  0%| F|  |TAMS 0x000000061cc00000| PB 0x000000061cc00000| Untracked 
| 113|0x000000061d000000, 0x000000061d000000, 0x000000061d400000|  0%| F|  |TAMS 0x000000061d000000| PB 0x000000061d000000| Untracked 
| 114|0x000000061d400000, 0x000000061d400000, 0x000000061d800000|  0%| F|  |TAMS 0x000000061d400000| PB 0x000000061d400000| Untracked 
| 115|0x000000061d800000, 0x000000061d800000, 0x000000061dc00000|  0%| F|  |TAMS 0x000000061d800000| PB 0x000000061d800000| Untracked 
| 116|0x000000061dc00000, 0x000000061dc00000, 0x000000061e000000|  0%| F|  |TAMS 0x000000061dc00000| PB 0x000000061dc00000| Untracked 
| 117|0x000000061e000000, 0x000000061e000000, 0x000000061e400000|  0%| F|  |TAMS 0x000000061e000000| PB 0x000000061e000000| Untracked 
| 118|0x000000061e400000, 0x000000061e400000, 0x000000061e800000|  0%| F|  |TAMS 0x000000061e400000| PB 0x000000061e400000| Untracked 
| 119|0x000000061e800000, 0x000000061e800000, 0x000000061ec00000|  0%| F|  |TAMS 0x000000061e800000| PB 0x000000061e800000| Untracked 
| 120|0x000000061ec00000, 0x000000061ec00000, 0x000000061f000000|  0%| F|  |TAMS 0x000000061ec00000| PB 0x000000061ec00000| Untracked 
| 121|0x000000061f000000, 0x000000061f000000, 0x000000061f400000|  0%| F|  |TAMS 0x000000061f000000| PB 0x000000061f000000| Untracked 
| 122|0x000000061f400000, 0x000000061f400000, 0x000000061f800000|  0%| F|  |TAMS 0x000000061f400000| PB 0x000000061f400000| Untracked 
| 123|0x000000061f800000, 0x000000061f9b2ab8, 0x000000061fc00000| 42%| E|  |TAMS 0x000000061f800000| PB 0x000000061f800000| Complete 
| 124|0x000000061fc00000, 0x0000000620000000, 0x0000000620000000|100%| E|  |TAMS 0x000000061fc00000| PB 0x000000061fc00000| Complete 
| 125|0x0000000620000000, 0x0000000620400000, 0x0000000620400000|100%| E|CS|TAMS 0x0000000620000000| PB 0x0000000620000000| Complete 
| 126|0x0000000620400000, 0x0000000620800000, 0x0000000620800000|100%| E|CS|TAMS 0x0000000620400000| PB 0x0000000620400000| Complete 
| 127|0x0000000620800000, 0x0000000620c00000, 0x0000000620c00000|100%| E|CS|TAMS 0x0000000620800000| PB 0x0000000620800000| Complete 

Card table byte_map: [0x00000211a7850000,0x00000211a8850000] _byte_map_base: 0x00000211a484a000

Marking Bits: (CMBitMap*) 0x000002118eee6fa0
 Bits: [0x00000211a8850000, 0x00000211b0820000)

Polling page: 0x000002118cc80000

Metaspace:

Usage:
  Non-class:      6.88 MB used.
      Class:    779.13 KB used.
       Both:      7.64 MB used.

Virtual space:
  Non-class space:       64.00 MB reserved,       6.94 MB ( 11%) committed,  1 nodes.
      Class space:        1.00 GB reserved,     896.00 KB ( <1%) committed,  1 nodes.
             Both:        1.06 GB reserved,       7.81 MB ( <1%) committed. 

Chunk freelists:
   Non-Class:  8.56 MB
       Class:  15.03 MB
        Both:  23.59 MB

MaxMetaspaceSize: unlimited
CompressedClassSpaceSize: 1.00 GB
Initial GC threshold: 21.00 MB
Current GC threshold: 21.00 MB
CDS: on
 - commit_granule_bytes: 65536.
 - commit_granule_words: 8192.
 - virtual_space_node_default_size: 8388608.
 - enlarge_chunks_in_place: 1.
 - use_allocation_guard: 0.


Internal statistics:

num_allocs_failed_limit: 0.
num_arena_births: 178.
num_arena_deaths: 0.
num_vsnodes_births: 2.
num_vsnodes_deaths: 0.
num_space_committed: 125.
num_space_uncommitted: 0.
num_chunks_returned_to_freelist: 0.
num_chunks_taken_from_freelist: 392.
num_chunk_merges: 0.
num_chunk_splits: 241.
num_chunks_enlarged: 154.
num_inconsistent_stats: 0.

CodeHeap 'non-profiled nmethods': size=120000Kb used=399Kb max_used=399Kb free=119600Kb
 bounds [0x000002119eff0000, 0x000002119f260000, 0x00000211a6520000]
CodeHeap 'profiled nmethods': size=120000Kb used=2097Kb max_used=2097Kb free=117903Kb
 bounds [0x0000021197520000, 0x0000021197790000, 0x000002119ea50000]
CodeHeap 'non-nmethods': size=5760Kb used=1491Kb max_used=1507Kb free=4268Kb
 bounds [0x000002119ea50000, 0x000002119ecc0000, 0x000002119eff0000]
 total_blobs=1746 nmethods=1171 adapters=480
 compilation: enabled
              stopped_count=0, restarted_count=0
 full_count=0

Compilation events (20 events):
Event: 0.488 Thread 0x00000211b2b06a60 nmethod 1163 0x000002119f052710 code [0x000002119f052880, 0x000002119f0528e8]
Event: 0.488 Thread 0x00000211b2b06a60 1165       4       java.util.WeakHashMap::indexFor (6 bytes)
Event: 0.488 Thread 0x00000211b2b06a60 nmethod 1165 0x000002119f052a10 code [0x000002119f052b80, 0x000002119f052bf0]
Event: 0.488 Thread 0x00000211b2b06a60 1164       4       sun.misc.Unsafe::putLong (11 bytes)
Event: 0.488 Thread 0x00000211b2b06a60 nmethod 1164 0x000002119f052d10 code [0x000002119f052ea0, 0x000002119f052f58]
Event: 0.491 Thread 0x00000211b2b07c70 1166       3       java.lang.ClassLoader::compareCerts (197 bytes)
Event: 0.491 Thread 0x00000211b2b07c70 nmethod 1166 0x0000021197726c10 code [0x0000021197726e40, 0x0000021197727688]
Event: 0.492 Thread 0x00000211b35bb650 nmethod 1158 0x000002119f053010 code [0x000002119f0531e0, 0x000002119f053910]
Event: 0.493 Thread 0x00000211b2b07c70 1167   !   3       jdk.internal.loader.Resource::getBytes (244 bytes)
Event: 0.494 Thread 0x00000211b2b07c70 nmethod 1167 0x0000021197727990 code [0x0000021197727cc0, 0x00000211977293a0]
Event: 0.494 Thread 0x00000211b2b07c70 1168       3       java.util.zip.ZipFile$ZipFileInflaterInputStream::fill (80 bytes)
Event: 0.494 Thread 0x00000211b2b07c70 nmethod 1168 0x0000021197729c90 code [0x0000021197729e80, 0x000002119772a260]
Event: 0.494 Thread 0x00000211b2b07c70 1169   !   3       java.util.zip.ZipFile$ZipFileInputStream::read (135 bytes)
Event: 0.495 Thread 0x00000211b2b07c70 nmethod 1169 0x000002119772a410 code [0x000002119772a640, 0x000002119772acc8]
Event: 0.495 Thread 0x00000211b2b07c70 1170       3       java.util.zip.ZipFile::ensureOpenOrZipException (19 bytes)
Event: 0.495 Thread 0x00000211b2b07c70 nmethod 1170 0x000002119772b090 code [0x000002119772b240, 0x000002119772b410]
Event: 0.495 Thread 0x00000211b2b07c70 1171   !   3       java.util.zip.ZipFile$Source::readAt (39 bytes)
Event: 0.495 Thread 0x00000211b2b07c70 nmethod 1171 0x000002119772b510 code [0x000002119772b6e0, 0x000002119772ba08]
Event: 0.495 Thread 0x00000211b2b07c70 1172   !   3       java.util.zip.Inflater::setInput (56 bytes)
Event: 0.495 Thread 0x00000211b2b07c70 nmethod 1172 0x000002119772bc90 code [0x000002119772be60, 0x000002119772c248]

GC Heap History (0 events):
No events

Dll operation events (8 events):
Event: 0.008 Loaded shared library C:\Program Files\Eclipse Adoptium\jdk-21.0.6.7-hotspot\bin\java.dll
Event: 0.032 Loaded shared library C:\Program Files\Eclipse Adoptium\jdk-21.0.6.7-hotspot\bin\jsvml.dll
Event: 0.059 Loaded shared library C:\Program Files\Eclipse Adoptium\jdk-21.0.6.7-hotspot\bin\net.dll
Event: 0.061 Loaded shared library C:\Program Files\Eclipse Adoptium\jdk-21.0.6.7-hotspot\bin\nio.dll
Event: 0.064 Loaded shared library C:\Program Files\Eclipse Adoptium\jdk-21.0.6.7-hotspot\bin\zip.dll
Event: 0.085 Loaded shared library C:\Program Files\Eclipse Adoptium\jdk-21.0.6.7-hotspot\bin\jimage.dll
Event: 0.412 Loaded shared library C:\Users\harri\AppData\Local\Temp\lwjgl_harri\3.3.3+5\x64\lwjgl.dll
Event: 0.460 Loaded shared library C:\Users\harri\AppData\Local\Temp\lwjgl_harri\3.3.3+5\x64\lwjgl_opengl.dll

Deoptimization events (20 events):
Event: 0.467 Thread 0x000002118ca56c30 DEOPT PACKING pc=0x000002119770c5a5 sp=0x0000006a053fbcf0
Event: 0.467 Thread 0x000002118ca56c30 DEOPT UNPACKING pc=0x000002119eaa4e42 sp=0x0000006a053fb188 mode 0
Event: 0.467 Thread 0x000002118ca56c30 DEOPT PACKING pc=0x000002119770c5a5 sp=0x0000006a053fbcf0
Event: 0.467 Thread 0x000002118ca56c30 DEOPT UNPACKING pc=0x000002119eaa4e42 sp=0x0000006a053fb188 mode 0
Event: 0.468 Thread 0x000002118ca56c30 DEOPT PACKING pc=0x000002119770c5a5 sp=0x0000006a053fbcf0
Event: 0.468 Thread 0x000002118ca56c30 DEOPT UNPACKING pc=0x000002119eaa4e42 sp=0x0000006a053fb188 mode 0
Event: 0.468 Thread 0x000002118ca56c30 DEOPT PACKING pc=0x000002119770c5a5 sp=0x0000006a053fbcf0
Event: 0.468 Thread 0x000002118ca56c30 DEOPT UNPACKING pc=0x000002119eaa4e42 sp=0x0000006a053fb188 mode 0
Event: 0.468 Thread 0x000002118ca56c30 DEOPT PACKING pc=0x000002119770c5a5 sp=0x0000006a053fbcf0
Event: 0.468 Thread 0x000002118ca56c30 DEOPT UNPACKING pc=0x000002119eaa4e42 sp=0x0000006a053fb188 mode 0
Event: 0.468 Thread 0x000002118ca56c30 DEOPT PACKING pc=0x000002119770c5a5 sp=0x0000006a053fbcf0
Event: 0.468 Thread 0x000002118ca56c30 DEOPT UNPACKING pc=0x000002119eaa4e42 sp=0x0000006a053fb188 mode 0
Event: 0.468 Thread 0x000002118ca56c30 DEOPT PACKING pc=0x000002119770c5a5 sp=0x0000006a053fbcf0
Event: 0.468 Thread 0x000002118ca56c30 DEOPT UNPACKING pc=0x000002119eaa4e42 sp=0x0000006a053fb188 mode 0
Event: 0.468 Thread 0x000002118ca56c30 DEOPT PACKING pc=0x000002119770c5a5 sp=0x0000006a053fbcf0
Event: 0.468 Thread 0x000002118ca56c30 DEOPT UNPACKING pc=0x000002119eaa4e42 sp=0x0000006a053fb188 mode 0
Event: 0.502 Thread 0x000002118ca56c30 Uncommon trap: trap_request=0xffffff54 fr.pc=0x000002119f052f14 relative=0x0000000000000074
Event: 0.502 Thread 0x000002118ca56c30 Uncommon trap: reason=speculate_null_assert action=make_not_entrant pc=0x000002119f052f14 method=sun.misc.Unsafe.putLong(Ljava/lang/Object;JJ)V @ 7 c2
Event: 0.502 Thread 0x000002118ca56c30 DEOPT PACKING pc=0x000002119f052f14 sp=0x0000006a053ff340
Event: 0.502 Thread 0x000002118ca56c30 DEOPT UNPACKING pc=0x000002119eaa46a2 sp=0x0000006a053ff2b8 mode 2

Classes loaded (20 events):
Event: 0.474 Loading class java/nio/DirectCharBufferU
Event: 0.474 Loading class java/nio/DirectCharBufferU done
Event: 0.474 Loading class java/nio/DirectFloatBufferU
Event: 0.474 Loading class java/nio/DirectFloatBufferU done
Event: 0.474 Loading class java/nio/DirectDoubleBufferU
Event: 0.474 Loading class java/nio/DirectDoubleBufferU done
Event: 0.474 Loading class sun/misc/Unsafe
Event: 0.474 Loading class sun/misc/Unsafe done
Event: 0.475 Loading class java/lang/invoke/DirectMethodHandle$StaticAccessor
Event: 0.475 Loading class java/lang/invoke/DirectMethodHandle$StaticAccessor done
Event: 0.476 Loading class java/util/function/LongPredicate
Event: 0.476 Loading class java/util/function/LongPredicate done
Event: 0.477 Loading class java/lang/foreign/MemorySegment
Event: 0.477 Loading class java/lang/foreign/MemorySegment done
Event: 0.479 Loading class java/nio/InvalidMarkException
Event: 0.479 Loading class java/nio/InvalidMarkException done
Event: 0.479 Loading class java/nio/BufferUnderflowException
Event: 0.479 Loading class java/nio/BufferUnderflowException done
Event: 0.486 Loading class java/util/Formatter$FixedString
Event: 0.486 Loading class java/util/Formatter$FixedString done

Classes unloaded (0 events):
No events

Classes redefined (0 events):
No events

Internal exceptions (20 events):
Event: 0.385 Thread 0x000002118ca56c30 Exception <a 'java/lang/NoSuchMethodError'{0x000000061fdf45d0}: 'void java.lang.invoke.DirectMethodHandle$Holder.invokeStatic(java.lang.Object, java.lang.Object)'> (0x000000061fdf45d0) 
thrown [s\src\hotspot\share\interpreter\linkResolver.cpp, line 773]
Event: 0.385 Thread 0x000002118ca56c30 Exception <a 'java/lang/NoSuchMethodError'{0x000000061fdf95b8}: 'void java.lang.System.load(java.lang.String, java.lang.Class)'> (0x000000061fdf95b8) 
thrown [s\src\hotspot\share\interpreter\linkResolver.cpp, line 773]
Event: 0.385 Thread 0x000002118ca56c30 Exception <a 'java/lang/NoSuchMethodError'{0x000000061fdfa238}: 'void java.lang.invoke.DirectMethodHandle$Holder.invokeSpecial(java.lang.Object, java.lang.Object, java.lang.Object)'> (0x000000061fdfa238) 
thrown [s\src\hotspot\share\interpreter\linkResolver.cpp, line 773]
Event: 0.387 Thread 0x000002118ca56c30 Exception <a 'java/lang/NoSuchMethodError'{0x000000061fe07940}: 'java.lang.Object java.lang.invoke.DirectMethodHandle$Holder.invokeStatic(java.lang.Object, java.lang.Object, int)'> (0x000000061fe07940) 
thrown [s\src\hotspot\share\interpreter\linkResolver.cpp, line 773]
Event: 0.387 Thread 0x000002118ca56c30 Exception <a 'java/lang/NoSuchMethodError'{0x000000061fe16040}: 'void java.lang.invoke.DelegatingMethodHandle$Holder.delegate(java.lang.Object, java.lang.Object, int, java.lang.Object)'> (0x000000061fe16040) 
thrown [s\src\hotspot\share\interpreter\linkResolver.cpp, line 773]
Event: 0.390 Thread 0x000002118ca56c30 Exception <a 'java/lang/NoSuchMethodError'{0x000000061fe2f950}: 'void java.lang.System.loadLibrary(java.lang.String, java.lang.Class)'> (0x000000061fe2f950) 
thrown [s\src\hotspot\share\interpreter\linkResolver.cpp, line 773]
Event: 0.397 Thread 0x000002118ca56c30 Exception <a 'java/lang/NoSuchMethodError'{0x000000061fe7e230}: 'void java.lang.System.load(java.lang.String, java.lang.Class)'> (0x000000061fe7e230) 
thrown [s\src\hotspot\share\interpreter\linkResolver.cpp, line 773]
Event: 0.398 Thread 0x000002118ca56c30 Exception <a 'java/lang/NoSuchMethodError'{0x000000061fe80cb8}: 'void java.lang.System.loadLibrary(java.lang.String, java.lang.Class)'> (0x000000061fe80cb8) 
thrown [s\src\hotspot\share\interpreter\linkResolver.cpp, line 773]
Event: 0.410 Thread 0x000002118ca56c30 Exception <a 'sun/nio/fs/WindowsException'{0x000000061feaa470}> (0x000000061feaa470) 
thrown [s\src\hotspot\share\prims\jni.cpp, line 520]
Event: 0.410 Thread 0x000002118ca56c30 Exception <a 'sun/nio/fs/WindowsException'{0x000000061feaa9c0}> (0x000000061feaa9c0) 
thrown [s\src\hotspot\share\prims\jni.cpp, line 520]
Event: 0.458 Thread 0x000002118ca56c30 Exception <a 'sun/nio/fs/WindowsException'{0x000000061ff17988}> (0x000000061ff17988) 
thrown [s\src\hotspot\share\prims\jni.cpp, line 520]
Event: 0.458 Thread 0x000002118ca56c30 Exception <a 'sun/nio/fs/WindowsException'{0x000000061ff17d28}> (0x000000061ff17d28) 
thrown [s\src\hotspot\share\prims\jni.cpp, line 520]
Event: 0.469 Thread 0x000002118ca56c30 Exception <a 'sun/nio/fs/WindowsException'{0x000000061ff20850}> (0x000000061ff20850) 
thrown [s\src\hotspot\share\prims\jni.cpp, line 520]
Event: 0.469 Thread 0x000002118ca56c30 Exception <a 'sun/nio/fs/WindowsException'{0x000000061ff20b20}> (0x000000061ff20b20) 
thrown [s\src\hotspot\share\prims\jni.cpp, line 520]
Event: 0.476 Thread 0x000002118ca56c30 Exception <a 'java/lang/NoSuchMethodError'{0x000000061ff6e948}: 'int java.lang.invoke.DirectMethodHandle$Holder.invokeStaticInit(java.lang.Object, java.lang.Object, int, long)'> (0x000000061ff6e948) 
thrown [s\src\hotspot\share\interpreter\linkResolver.cpp, line 773]
Event: 0.477 Thread 0x000002118ca56c30 Exception <a 'java/lang/NoSuchMethodError'{0x000000061ff73d20}: 'java.lang.Object java.lang.invoke.DirectMethodHandle$Holder.newInvokeSpecial(java.lang.Object, java.lang.Object, int)'> (0x000000061ff73d20) 
thrown [s\src\hotspot\share\interpreter\linkResolver.cpp, line 773]
Event: 0.478 Thread 0x000002118ca56c30 Exception <a 'java/lang/NoSuchMethodError'{0x000000061ff82d18}: 'int java.lang.invoke.DirectMethodHandle$Holder.invokeStaticInit(java.lang.Object, java.lang.Object, long, long)'> (0x000000061ff82d18) 
thrown [s\src\hotspot\share\interpreter\linkResolver.cpp, line 773]
Event: 0.478 Thread 0x000002118ca56c30 Exception <a 'java/lang/NoSuchMethodError'{0x000000061ff88618}: 'java.lang.Object java.lang.invoke.DirectMethodHandle$Holder.newInvokeSpecial(java.lang.Object, java.lang.Object, long)'> (0x000000061ff88618) 
thrown [s\src\hotspot\share\interpreter\linkResolver.cpp, line 773]
Event: 0.478 Thread 0x000002118ca56c30 Exception <a 'java/lang/NoSuchMethodError'{0x000000061ff8bf70}: 'java.lang.Object java.lang.invoke.Invokers$Holder.linkToTargetMethod(java.lang.Object, long, java.lang.Object)'> (0x000000061ff8bf70) 
thrown [s\src\hotspot\share\interpreter\linkResolver.cpp, line 773]
Event: 0.479 Thread 0x000002118ca56c30 Exception <a 'java/lang/NoSuchMethodError'{0x000000061ff93088}: 'int java.lang.invoke.DirectMethodHandle$Holder.invokeStaticInit(java.lang.Object, java.lang.Object, java.lang.Object, long)'> (0x000000061ff93088) 
thrown [s\src\hotspot\share\interpreter\linkResolver.cpp, line 773]

ZGC Phase Switch (0 events):
No events

VM Operations (10 events):
Event: 0.064 Executing VM operation: HandshakeAllThreads (Deoptimize)
Event: 0.064 Executing VM operation: HandshakeAllThreads (Deoptimize) done
Event: 0.334 Executing VM operation: HandshakeAllThreads (Deoptimize)
Event: 0.334 Executing VM operation: HandshakeAllThreads (Deoptimize) done
Event: 0.336 Executing VM operation: HandshakeAllThreads (Deoptimize)
Event: 0.336 Executing VM operation: HandshakeAllThreads (Deoptimize) done
Event: 0.386 Executing VM operation: HandshakeAllThreads (Deoptimize)
Event: 0.386 Executing VM operation: HandshakeAllThreads (Deoptimize) done
Event: 0.475 Executing VM operation: ICBufferFull
Event: 0.475 Executing VM operation: ICBufferFull done

Memory protections (0 events):
No events

Nmethod flushes (0 events):
No events

Events (12 events):
Event: 0.018 Thread 0x000002118ca56c30 Thread added: 0x000002118ca56c30
Event: 0.030 Thread 0x000002118ca56c30 Thread added: 0x00000211b2ae8560
Event: 0.030 Thread 0x000002118ca56c30 Thread added: 0x00000211b2ae9b20
Event: 0.030 Thread 0x000002118ca56c30 Thread added: 0x00000211b2af0a10
Event: 0.030 Thread 0x000002118ca56c30 Thread added: 0x00000211b2af25a0
Event: 0.030 Thread 0x000002118ca56c30 Thread added: 0x00000211b2af3b60
Event: 0.030 Thread 0x000002118ca56c30 Thread added: 0x00000211b2afb540
Event: 0.030 Thread 0x000002118ca56c30 Thread added: 0x00000211b2b06a60
Event: 0.030 Thread 0x000002118ca56c30 Thread added: 0x00000211b2b07c70
Event: 0.053 Thread 0x000002118ca56c30 Thread added: 0x00000211b343eaf0
Event: 0.055 Thread 0x000002118ca56c30 Thread added: 0x00000211b343d740
Event: 0.125 Thread 0x00000211b2b06a60 Thread added: 0x00000211b35bb650


Dynamic libraries:
0x00007ff754770000 - 0x00007ff75477e000 	C:\Program Files\Eclipse Adoptium\jdk-21.0.6.7-hotspot\bin\java.exe
0x00007ffdac3c0000 - 0x00007ffdac627000 	C:\WINDOWS\SYSTEM32\ntdll.dll
0x00007ffdaad90000 - 0x00007ffdaae59000 	C:\WINDOWS\System32\KERNEL32.DLL
0x00007ffda9690000 - 0x00007ffda9a87000 	C:\WINDOWS\System32\KERNELBASE.dll
0x00007ffda9d70000 - 0x00007ffda9ebb000 	C:\WINDOWS\System32\ucrtbase.dll
0x00007ffd4e8c0000 - 0x00007ffd4e8d8000 	C:\Program Files\Eclipse Adoptium\jdk-21.0.6.7-hotspot\bin\jli.dll
0x00007ffd743c0000 - 0x00007ffd743de000 	C:\Program Files\Eclipse Adoptium\jdk-21.0.6.7-hotspot\bin\VCRUNTIME140.dll
0x00007ffdaaf20000 - 0x00007ffdab0e6000 	C:\WINDOWS\System32\USER32.dll
0x00007ffda8df0000 - 0x00007ffda8e17000 	C:\WINDOWS\System32\win32u.dll
0x00007ffd7d300000 - 0x00007ffd7d592000 	C:\WINDOWS\WinSxS\amd64_microsoft.windows.common-controls_6595b64144ccf1df_6.0.26100.8328_none_3e08182ce334b678\COMCTL32.dll
0x00007ffdaa190000 - 0x00007ffdaa239000 	C:\WINDOWS\System32\msvcrt.dll
0x00007ffdaab80000 - 0x00007ffdaabab000 	C:\WINDOWS\System32\GDI32.dll
0x00007ffda9ec0000 - 0x00007ffda9fec000 	C:\WINDOWS\System32\gdi32full.dll
0x00007ffda9cc0000 - 0x00007ffda9d63000 	C:\WINDOWS\System32\msvcp_win.dll
0x00007ffdaa140000 - 0x00007ffdaa172000 	C:\WINDOWS\System32\IMM32.DLL
0x00007ffd84990000 - 0x00007ffd8499c000 	C:\Program Files\Eclipse Adoptium\jdk-21.0.6.7-hotspot\bin\vcruntime140_1.dll
0x00007ffd2df80000 - 0x00007ffd2e00d000 	C:\Program Files\Eclipse Adoptium\jdk-21.0.6.7-hotspot\bin\msvcp140.dll
0x00007ffcf3e80000 - 0x00007ffcf4c10000 	C:\Program Files\Eclipse Adoptium\jdk-21.0.6.7-hotspot\bin\server\jvm.dll
0x00007ffdaa9c0000 - 0x00007ffdaaa76000 	C:\WINDOWS\System32\ADVAPI32.dll
0x00007ffdaa5c0000 - 0x00007ffdaa667000 	C:\WINDOWS\System32\sechost.dll
0x00007ffdaa8a0000 - 0x00007ffdaa9b8000 	C:\WINDOWS\System32\RPCRT4.dll
0x00007ffdab920000 - 0x00007ffdab9a0000 	C:\WINDOWS\System32\WS2_32.dll
0x00007ffda8ba0000 - 0x00007ffda8bfe000 	C:\WINDOWS\SYSTEM32\POWRPROF.dll
0x00007ffda20d0000 - 0x00007ffda2106000 	C:\WINDOWS\SYSTEM32\WINMM.dll
0x00007ffda0bf0000 - 0x00007ffda0bfb000 	C:\WINDOWS\SYSTEM32\VERSION.dll
0x00007ffda8a80000 - 0x00007ffda8a94000 	C:\WINDOWS\SYSTEM32\UMPDC.dll
0x00007ffda7b40000 - 0x00007ffda7b5b000 	C:\WINDOWS\SYSTEM32\kernel.appcore.dll
0x00007ffd6fdf0000 - 0x00007ffd6fdfa000 	C:\Program Files\Eclipse Adoptium\jdk-21.0.6.7-hotspot\bin\jimage.dll
0x00007ffda6bc0000 - 0x00007ffda6e02000 	C:\WINDOWS\SYSTEM32\DBGHELP.DLL
0x00007ffdab580000 - 0x00007ffdab903000 	C:\WINDOWS\System32\combase.dll
0x00007ffdaa670000 - 0x00007ffdaa749000 	C:\WINDOWS\System32\OLEAUT32.dll
0x00007ffd6a810000 - 0x00007ffd6a84b000 	C:\WINDOWS\SYSTEM32\dbgcore.DLL
0x00007ffda9c10000 - 0x00007ffda9cb8000 	C:\WINDOWS\System32\bcryptPrimitives.dll
0x00007ffd2e950000 - 0x00007ffd2e96f000 	C:\Program Files\Eclipse Adoptium\jdk-21.0.6.7-hotspot\bin\java.dll
0x00007ffdabbe0000 - 0x00007ffdac34e000 	C:\WINDOWS\System32\SHELL32.dll
0x00007ffda8e20000 - 0x00007ffda968c000 	C:\WINDOWS\System32\windows.storage.dll
0x00007ffdaaa80000 - 0x00007ffdaab76000 	C:\WINDOWS\System32\SHCORE.dll
0x00007ffdaa750000 - 0x00007ffdaa7b6000 	C:\WINDOWS\System32\shlwapi.dll
0x00007ffda8d10000 - 0x00007ffda8d39000 	C:\WINDOWS\SYSTEM32\profapi.dll
0x00007ffd2aac0000 - 0x00007ffd2ab97000 	C:\Program Files\Eclipse Adoptium\jdk-21.0.6.7-hotspot\bin\jsvml.dll
0x00007ffd67780000 - 0x00007ffd67790000 	C:\Program Files\Eclipse Adoptium\jdk-21.0.6.7-hotspot\bin\net.dll
0x00007ffda0a10000 - 0x00007ffda0b39000 	C:\WINDOWS\SYSTEM32\WINHTTP.dll
0x00007ffda80a0000 - 0x00007ffda810c000 	C:\WINDOWS\system32\mswsock.dll
0x00007ffd2e910000 - 0x00007ffd2e926000 	C:\Program Files\Eclipse Adoptium\jdk-21.0.6.7-hotspot\bin\nio.dll
0x00007ffd2e930000 - 0x00007ffd2e948000 	C:\Program Files\Eclipse Adoptium\jdk-21.0.6.7-hotspot\bin\zip.dll
0x00007ffd76f00000 - 0x00007ffd76f7b000 	C:\Users\harri\AppData\Local\Temp\lwjgl_harri\3.3.3+5\x64\lwjgl.dll
0x00007ffd8a4c0000 - 0x00007ffd8a51e000 	C:\Users\harri\AppData\Local\Temp\lwjgl_harri\3.3.3+5\x64\lwjgl_opengl.dll
0x00007ffd565b0000 - 0x00007ffd566bf000 	C:\WINDOWS\SYSTEM32\opengl32.dll
0x00007ffd56380000 - 0x00007ffd563ad000 	C:\WINDOWS\SYSTEM32\GLU32.dll
0x00007ffda5fd0000 - 0x00007ffda6015000 	C:\WINDOWS\SYSTEM32\dxcore.dll

dbghelp: loaded successfully - version: 4.0.5 - missing functions: none
symbol engine: initialized successfully - sym options: 0x614 - pdb path: .;C:\Program Files\Eclipse Adoptium\jdk-21.0.6.7-hotspot\bin;C:\WINDOWS\SYSTEM32;C:\WINDOWS\WinSxS\amd64_microsoft.windows.common-controls_6595b64144ccf1df_6.0.26100.8328_none_3e08182ce334b678;C:\Program Files\Eclipse Adoptium\jdk-21.0.6.7-hotspot\bin\server;C:\Users\harri\AppData\Local\Temp\lwjgl_harri\3.3.3+5\x64

VM Arguments:
jvm_args: -Dfile.encoding=UTF-8 -Duser.country=GB -Duser.language=en -Duser.variant 
java_command: com.crystal.sandbox.SandboxMain
java_class_path (initial): C:\Users\harri\IdeaProjects\Crystal\crystal-sandbox\build\classes\java\main;C:\Users\harri\IdeaProjects\Crystal\crystal-sandbox\build\resources\main;C:\Users\harri\IdeaProjects\Crystal\crystal-engine\build\libs\crystal-engine.jar;C:\Users\harri\.gradle\caches\modules-2\files-2.1\ch.qos.logback\logback-classic\1.5.13\e6f82a9ce14a912c7dab831164ec6f10cc3eeb1b\logback-classic-1.5.13.jar;C:\Users\harri\.gradle\caches\modules-2\files-2.1\org.slf4j\slf4j-api\2.0.15\35ed0d9a6b7c011bb8656087f79e371263b3b485\slf4j-api-2.0.15.jar;C:\Users\harri\.gradle\caches\modules-2\files-2.1\org.lwjgl\lwjgl-glfw\3.3.3\efa1eb78c5ccd840e9f329717109b5e892d72f8e\lwjgl-glfw-3.3.3.jar;C:\Users\harri\.gradle\caches\modules-2\files-2.1\org.lwjgl\lwjgl-glfw\3.3.3\e449e28b4891fc423c54c85fbc5bb0b9efece67a\lwjgl-glfw-3.3.3-natives-windows.jar;C:\Users\harri\.gradle\caches\modules-2\files-2.1\org.lwjgl\lwjgl-opengl\3.3.3\2f6b0147078396a58979125a4c947664e98293a\lwjgl-opengl-3.3.3.jar;C:\Users\harri\.gradle\caches\modules-2\files-2.1\org.lwjgl\lwjgl-opengl\3.3.3\e6c1eec8be8a71951b830a4d69efc01c6531900c\lwjgl-opengl-3.3.3-natives-windows.jar;C:\Users\harri\.gradle\caches\modules-2\files-2.1\org.lwjgl\lwjgl\3.3.3\29589b5f87ed335a6c7e7ee6a5775f81f97ecb84\lwjgl-3.3.3.jar;C:\Users\harri\.gradle\caches\modules-2\files-2.1\org.lwjgl\lwjgl\3.3.3\a5ed18a2b82fc91b81f40d717cb1f64c9dcb0540\lwjgl-3.3.3-natives-windows.jar;C:\Users\harri\.gradle\caches\modules-2\files-2.1\org.fusesource.jansi\jansi\2.4.1\d5774f204d990c9f5da2809b88f928515577beb4\jansi-2.4.1.jar;C:\Users\harri\.gradle\caches\modules-2\files-2.1\ch.qos.logback\logback-core\1.5.13\ccd418c6f1a5a93e57e7b5bb9a3f708dbd563cd8\logback-core-1.5.13.jar
Launcher Type: SUN_STANDARD

[Global flags]
     intx CICompilerCount                          = 4                                         {product} {ergonomic}
     uint ConcGCThreads                            = 2                                         {product} {ergonomic}
     uint G1ConcRefinementThreads                  = 8                                         {product} {ergonomic}
   size_t G1HeapRegionSize                         = 4194304                                   {product} {ergonomic}
    uintx GCDrainStackTargetSize                   = 64                                        {product} {ergonomic}
   size_t InitialHeapSize                          = 536870912                                 {product} {ergonomic}
   size_t MarkStackSize                            = 4194304                                   {product} {ergonomic}
   size_t MaxHeapSize                              = 8577351680                                {product} {ergonomic}
   size_t MaxNewSize                               = 5146411008                                {product} {ergonomic}
   size_t MinHeapDeltaBytes                        = 4194304                                   {product} {ergonomic}
   size_t MinHeapSize                              = 8388608                                   {product} {ergonomic}
    uintx NonNMethodCodeHeapSize                   = 5839372                                {pd product} {ergonomic}
    uintx NonProfiledCodeHeapSize                  = 122909434                              {pd product} {ergonomic}
    uintx ProfiledCodeHeapSize                     = 122909434                              {pd product} {ergonomic}
    uintx ReservedCodeCacheSize                    = 251658240                              {pd product} {ergonomic}
     bool SegmentedCodeCache                       = true                                      {product} {ergonomic}
   size_t SoftMaxHeapSize                          = 8577351680                             {manageable} {ergonomic}
     bool UseCompressedOops                        = true                           {product lp64_product} {ergonomic}
     bool UseG1GC                                  = true                                      {product} {ergonomic}
     bool UseLargePagesIndividualAllocation        = false                                  {pd product} {ergonomic}

Logging:
Log output configuration:
 #0: stdout all=warning uptime,level,tags foldmultilines=false
 #1: stderr all=off uptime,level,tags foldmultilines=false

Environment Variables:
JAVA_HOME=C:\Program Files\Eclipse Adoptium\jdk-21.0.6.7-hotspot\
PATH=C:\Program Files\Eclipse Adoptium\jdk-8.0.472.8-hotspot\bin;C:\Program Files\Eclipse Adoptium\jdk-21.0.6.7-hotspot\bin;C:\Program Files\Common Files\Oracle\Java\javapath;C:\Program Files (x86)\Common Files\Oracle\Java\java8path;C:\Program Files (x86)\Common Files\Oracle\Java\javapath;C:\VulkanSDK\1.4.304.0\Bin;C:\Program Files\Oculus\Support\oculus-runtime;C:\Program Files (x86)\Razer Chroma SDK\bin;C:\Program Files\Razer Chroma SDK\bin;C:\Program Files (x86)\Razer\ChromaBroadcast\bin;C:\Program Files\Razer\ChromaBroadcast\bin;C:\Program Files\Java\jdk-17\bin;C:\Windows\system32;C:\Windows;C:\Windows\System32\Wbem;C:\Windows\System32\WindowsPowerShell\v1.0\;C:\Windows\System32\OpenSSH\;C:\Program Files\dotnet\;C:\Windows\system32\config\systemprofile\AppData\Local\Microsoft\WindowsApps;C:\Users\harri\AppData\Local\Programs\Python\Python312\Scripts\;C:\Users\harri\AppData\Local\Programs\Python\Python312\;C:\Users\harri\AppData\Local\Microsoft\WindowsApps;C:\Program Files\JetBrains\PyCharm 2023.1.2\bin;C:\Program Files\JetBrains\PyCharm Community Edition 2023.1.2\bin;C:\Program Files (x86)\Windows Kits\10\Windows Performance Toolkit\;C:\Program Files (x86)\NVIDIA Corporation\PhysX\Common;C:\ProgramData\chocolatey\bin;C:\Program Files\NVIDIA Corporation\NVIDIA app\NvDLISR;C:\WINDOWS\system32;C:\WINDOWS;C:\WINDOWS\System32\Wbem;C:\WINDOWS\System32\WindowsPowerShell\v1.0\;C:\WINDOWS\System32\OpenSSH\;C:\Users\harri\AppData\Local\Microsoft\WindowsApps;C:\Program Files\JetBrains\PyCharm 2023.1.2\bin;;C:\Program Files\JetBrains\PyCharm Community Edition 2023.1.2\bin;;C:\Program Files\CMake\bin;
USERNAME=harri
OS=Windows_NT
PROCESSOR_IDENTIFIER=Intel64 Family 6 Model 158 Stepping 13, GenuineIntel
TMP=C:\Users\harri\AppData\Local\Temp
TEMP=C:\Users\harri\AppData\Local\Temp




Periodic native trim disabled

---------------  S Y S T E M  ---------------

OS:
 Windows 11 , 64 bit Build 26100 (10.0.26100.8328)
OS uptime: 0 days 1:25 hours
Hyper-V role detected

CPU: total 8 (initial active 8) (8 cores per cpu, 1 threads per core) family 6 model 158 stepping 13 microcode 0xf4, cx8, cmov, fxsr, mmx, 3dnowpref, sse, sse2, sse3, ssse3, sse4.1, sse4.2, popcnt, lzcnt, tsc, tscinvbit, avx, avx2, aes, erms, clmul, bmi1, bmi2, adx, fma, vzeroupper, clflush, clflushopt, hv, rdtscp, f16c
Processor Information for the first 8 processors :
  Max Mhz: 3000, Current Mhz: 3000, Mhz Limit: 3000

Memory: 4k page, system-wide physical 32705M (18218M free)
TotalPageFile size 34753M (AvailPageFile size 18786M)
current process WorkingSet (physical memory assigned to process): 75M, peak: 75M
current process commit charge ("private bytes"): 619M, peak: 619M

vm_info: OpenJDK 64-Bit Server VM (21.0.6+7-LTS) for windows-amd64 JRE (21.0.6+7-LTS), built on 2025-01-21T00:00:00Z by "admin" with MS VC++ 17.7 (VS2022)

END.
