#
# A fatal error has been detected by the Java Runtime Environment:
#
#  EXCEPTION_ACCESS_VIOLATION (0xc0000005) at pc=0x00007ffd69713d5d, pid=23292, tid=8332
#
# JRE version: OpenJDK Runtime Environment Temurin-21.0.6+7 (21.0.6+7) (build 21.0.6+7-LTS)
# Java VM: OpenJDK 64-Bit Server VM Temurin-21.0.6+7 (21.0.6+7-LTS, mixed mode, sharing, tiered, compressed oops, compressed class ptrs, g1 gc, windows-amd64)
# Problematic frame:
# C  [lwjgl_opengl.dll+0x13d5d]
#
# No core dump will be written. Minidumps are not enabled by default on client versions of Windows
#
# If you would like to submit a bug report, please visit:
#   https://github.com/adoptium/adoptium-support/issues
# The crash happened outside the Java Virtual Machine in native code.
# See problematic frame for where to report the bug.
#

---------------  S U M M A R Y ------------

Command Line: -Dfile.encoding=UTF-8 -Duser.country=GB -Duser.language=en -Duser.variant com.crystal.sandbox.SandboxMain

Host: Intel(R) Core(TM) i7-9700F CPU @ 3.00GHz, 8 cores, 31G,  Windows 11 , 64 bit Build 26100 (10.0.26100.8328)
Time: Sat May  2 18:02:20 2026 GMT Daylight Time elapsed time: 0.489562 seconds (0d 0h 0m 0s)

---------------  T H R E A D  ---------------

Current thread (0x00000196e7bb6920):  JavaThread "main"             [_thread_in_native, id=8332, stack(0x000000906a400000,0x000000906a500000) (1024K)]

Stack: [0x000000906a400000,0x000000906a500000],  sp=0x000000906a4ff058,  free space=1020k
Native frames: (J=compiled Java code, j=interpreted, Vv=VM code, C=native code)
C  [lwjgl_opengl.dll+0x13d5d]

Java frames: (J=compiled Java code, j=interpreted, Vv=VM code)
j  org.lwjgl.opengl.GL45C.nglCreateVertexArrays(IJ)V+0
j  org.lwjgl.opengl.GL45C.glCreateVertexArrays()I+20
j  org.lwjgl.opengl.GL45.glCreateVertexArrays()I+0
j  com.crystal.engine.render.gl.VertexArray.<init>()V+5
j  com.crystal.engine.render.mesh.Mesh.<init>(Lcom/crystal/engine/render/api/PrimitiveType;[F)V+22
j  com.crystal.sandbox.SandboxMain.<init>()V+68
j  com.crystal.sandbox.SandboxMain.main([Ljava/lang/String;)V+18
v  ~StubRoutines::call_stub 0x000001968753100d

siginfo: EXCEPTION_ACCESS_VIOLATION (0xc0000005), reading address 0x0000000000001f38


Registers:
RAX=0x00000196d45bfa00, RBX=0x00000196d06d8830, RCX=0x0000000000000001, RDX=0x00000196d4594f1c
RSP=0x000000906a4ff058, RBP=0x000000906a4ff0e0, RSI=0x00000196d45be308, RDI=0x0000019687538860
R8 =0x0000000000000001, R9 =0x00000196d4594f1c, R10=0x0000000000000000, R11=0x000000061f92cf10
R12=0x0000000000000000, R13=0x00000196d06d8830, R14=0x000000906a4ff110, R15=0x00000196e7bb6920
RIP=0x00007ffd69713d5d, EFLAGS=0x0000000000010202

XMM[0]=0x0000000000000000 0x0000000000000000
XMM[1]=0x0001968753a3d7b8 0x48f04e8b4d068b45
XMM[2]=0xc3000001968753a3 0xd7b848f04e8b4d06
XMM[3]=0x0068007400690077 0x002000640065006c
XMM[4]=0x003a007300750074 0x0061007400730020
XMM[5]=0x6574616572436c67 0x6e5f4335344c475f
XMM[6]=0x0000000000000000 0x0000000000000000
XMM[7]=0x0000000000000000 0x0000000000000000
XMM[8]=0x0000000000000000 0x0000000000000000
XMM[9]=0x0000000000000000 0x0000000000000000
XMM[10]=0x0000000000000000 0x0000000000000000
XMM[11]=0x0000000000000000 0x0000000000000000
XMM[12]=0x0000000000000000 0x0000000000000000
XMM[13]=0x0000000000000000 0x0000000000000000
XMM[14]=0x0000000000000000 0x0000000000000000
XMM[15]=0x0000000000000000 0x0000000000000000
  MXCSR=0x00001fa0


Register to memory mapping:

RAX=0x00000196d45bfa00 points into unknown readable memory: 0x0000000000000000 | 00 00 00 00 00 00 00 00
RBX={method} {0x00000196d06d8838} 'nglCreateVertexArrays' '(IJ)V' in 'org/lwjgl/opengl/GL45C'
RCX=0x0000000000000001 is an unknown value
RDX=0x00000196d4594f1c points into unknown readable memory: 00 00 00 00
RSP=0x000000906a4ff058 is pointing into the stack for thread: 0x00000196e7bb6920
RBP=0x000000906a4ff0e0 is pointing into the stack for thread: 0x00000196e7bb6920
RSI=0x00000196d45be308 points into unknown readable memory: 0x88000b74d002714b | 4b 71 02 d0 74 0b 00 88
RDI=0x0000019687538860 is at code_begin+1184 in an Interpreter codelet
return entry points  [0x00000196875383c0, 0x0000019687538f60]  2976 bytes
R8 =0x0000000000000001 is an unknown value
R9 =0x00000196d4594f1c points into unknown readable memory: 00 00 00 00
R10=0x0 is null
R11=0x000000061f92cf10 is an oop: java.lang.Class 
{0x000000061f92cf10} - klass: 'java/lang/Class'
 - ---- fields (total size 25 words):
 - private volatile transient 'classRedefinedCount' 'I' @12  0 (0x00000000)
 - injected 'klass' 'J' @16  1746173389304 (0x00000196900b69f8)
 - injected 'array_klass' 'J' @24  0 (0x0000000000000000)
 - injected 'oop_size' 'I' @32  25 (0x00000019)
 - injected 'static_oop_field_count' 'I' @36  0 (0x00000000)
 - private volatile transient 'cachedConstructor' 'Ljava/lang/reflect/Constructor;' @40  null (0x00000000)
 - private transient 'name' 'Ljava/lang/String;' @44  "org.lwjgl.opengl.GL45C"{0x000000061f92cfe8} (0xc3f259fd)
 - private transient 'module' 'Ljava/lang/Module;' @48  a 'java/lang/Module'{0x0000000620867b30} (0xc410cf66)
 - private final 'classLoader' 'Ljava/lang/ClassLoader;' @52  a 'jdk/internal/loader/ClassLoaders$AppClassLoader'{0x0000000620867970} (0xc410cf2e)
 - private transient 'classData' 'Ljava/lang/Object;' @56  null (0x00000000)
 - private transient 'packageName' 'Ljava/lang/String;' @60  "org.lwjgl.opengl"{0x000000061fc3e5e8} (0xc3f87cbd)
 - private final 'componentType' 'Ljava/lang/Class;' @64  null (0x00000000)
 - private volatile transient 'reflectionData' 'Ljava/lang/ref/SoftReference;' @68  null (0x00000000)
 - private volatile transient 'genericInfo' 'Lsun/reflect/generics/repository/ClassRepository;' @72  null (0x00000000)
 - private volatile transient 'enumConstants' '[Ljava/lang/Object;' @76  null (0x00000000)
 - private volatile transient 'enumConstantDirectory' 'Ljava/util/Map;' @80  null (0x00000000)
 - private volatile transient 'annotationData' 'Ljava/lang/Class$AnnotationData;' @84  null (0x00000000)
 - private volatile transient 'annotationType' 'Lsun/reflect/annotation/AnnotationType;' @88  null (0x00000000)
 - transient 'classValueMap' 'Ljava/lang/ClassValue$ClassValueMap;' @92  null (0x00000000)
 - injected 'protection_domain' 'Ljava/lang/Object;' @96  a 'java/security/ProtectionDomain'{0x000000061fc45348} (0xc3f88a69)
 - injected 'signers_name' 'Ljava/lang/Object;' @100  null (0x00000000)
 - injected 'source_file' 'Ljava/lang/Object;' @104  null (0x00000000)
 - injected '<init_lock>' 'Ljava/lang/Object;' @108  null (0x00000000)
 - signature: Lorg/lwjgl/opengl/GL45C;
 - ---- static fields (0):
 - public static final 'GL_NEGATIVE_ONE_TO_ONE' 'I' @112  37726 (0x0000935e)
 - public static final 'GL_ZERO_TO_ONE' 'I' @116  37727 (0x0000935f)
 - public static final 'GL_CLIP_ORIGIN' 'I' @120  37724 (0x0000935c)
 - public static final 'GL_CLIP_DEPTH_MODE' 'I' @124  37725 (0x0000935d)
 - public static final 'GL_QUERY_WAIT_INVERTED' 'I' @128  36375 (0x00008e17)
 - public static final 'GL_QUERY_NO_WAIT_INVERTED' 'I' @132  36376 (0x00008e18)
 - public static final 'GL_QUERY_BY_REGION_WAIT_INVERTED' 'I' @136  36377 (0x00008e19)
 - public static final 'GL_QUERY_BY_REGION_NO_WAIT_INVERTED' 'I' @140  36378 (0x00008e1a)
 - public static final 'GL_MAX_CULL_DISTANCES' 'I' @144  33529 (0x000082f9)
 - public static final 'GL_MAX_COMBINED_CLIP_AND_CULL_DISTANCES' 'I' @148  33530 (0x000082fa)
 - public static final 'GL_TEXTURE_TARGET' 'I' @152  4102 (0x00001006)
 - public static final 'GL_QUERY_TARGET' 'I' @156  33514 (0x000082ea)
 - public static final 'GL_CONTEXT_RELEASE_BEHAVIOR' 'I' @160  33531 (0x000082fb)
 - public static final 'GL_CONTEXT_RELEASE_BEHAVIOR_FLUSH' 'I' @164  33532 (0x000082fc)
 - public static final 'GL_GUILTY_CONTEXT_RESET' 'I' @168  33363 (0x00008253)
 - public static final 'GL_INNOCENT_CONTEXT_RESET' 'I' @172  33364 (0x00008254)
 - public static final 'GL_UNKNOWN_CONTEXT_RESET' 'I' @176  33365 (0x00008255)
 - public static final 'GL_RESET_NOTIFICATION_STRATEGY' 'I' @180  33366 (0x00008256)
 - public static final 'GL_LOSE_CONTEXT_ON_RESET' 'I' @184  33362 (0x00008252)
 - public static final 'GL_NO_RESET_NOTIFICATION' 'I' @188  33377 (0x00008261)
 - public static final 'GL_CONTEXT_FLAG_ROBUST_ACCESS_BIT' 'I' @192  4 (0x00000004)
 - public static final 'GL_CONTEXT_LOST' 'I' @196  1287 (0x00000507)
R12=0x0 is null
R13={method} {0x00000196d06d8838} 'nglCreateVertexArrays' '(IJ)V' in 'org/lwjgl/opengl/GL45C'
R14=0x000000906a4ff110 is pointing into the stack for thread: 0x00000196e7bb6920
R15=0x00000196e7bb6920 is a thread

Top of Stack: (sp=0x000000906a4ff058)
0x000000906a4ff058:   000001968753ce4b 0000019687538860
0x000000906a4ff068:   000001968753cb37 00000196d06d8830
0x000000906a4ff078:   00000196d45be308 000000906a4ff0f8
0x000000906a4ff088:   000001968753893e 000001968753cadf
0x000000906a4ff098:   000000906a4ff098 00000196d06d8830
0x000000906a4ff0a8:   0000000000000006 00000196d0769490
0x000000906a4ff0b8:   0000000000000000 000000061f92cf10
0x000000906a4ff0c8:   00000196d06d8830 0000000000000000
0x000000906a4ff0d8:   000000906a4ff100 000000906a4ff160
0x000000906a4ff0e8:   0000019687538860 000000061f92cf10
0x000000906a4ff0f8:   000001968753a3d7 00000196d4594f1c
0x000000906a4ff108:   0000000000000000 0000000000000001
0x000000906a4ff118:   000000906a4ff118 00000196d06d89b4
0x000000906a4ff128:   0000000000000006 00000196d0769490
0x000000906a4ff138:   0000000000000000 000000061f92cf10
0x000000906a4ff148:   00000196d06d8a20 000000906a4ff100
0x000000906a4ff158:   000000906a4ff198 000000906a4ff1e0
0x000000906a4ff168:   0000019687538988 0000000000000000
0x000000906a4ff178:   0000000000000000 000000061f940378
0x000000906a4ff188:   0000000000010000 000000061ffbc8f0
0x000000906a4ff198:   000000906a4ff198 00000196d0583c60
0x000000906a4ff1a8:   0000000000000001 00000196d064b4c0
0x000000906a4ff1b8:   0000000000000000 000000061fdc8890
0x000000906a4ff1c8:   00000196d0583c78 000000906a4ff198
0x000000906a4ff1d8:   000000906a4ff1f0 000000906a4ff240
0x000000906a4ff1e8:   0000019687538988 000000061fc3d950
0x000000906a4ff1f8:   000000906a4ff1f8 00000196d056ce35
0x000000906a4ff208:   0000000000000002 00000196d0570378
0x000000906a4ff218:   0000000000000000 000000061fc3d838
0x000000906a4ff228:   00000196d056ce50 000000906a4ff1f0
0x000000906a4ff238:   000000906a4ff250 000000906a4ff2b0
0x000000906a4ff248:   0000019687538860 000000061fc3d950 

Instructions: (pc=0x00007ffd69713d5d)
0x00007ffd69713c5d:   ff a2 00 1f 00 00 cc cc cc cc cc cc cc cc cc cc
0x00007ffd69713c6d:   cc cc cc 40 53 48 8b 01 41 8b d8 44 8b 44 24 30
0x00007ffd69713c7d:   41 8b d1 4c 8b 4c 24 38 8b cb 4c 8b 50 18 5b 49
0x00007ffd69713c8d:   ff a2 08 1f 00 00 cc cc cc cc cc cc cc cc cc cc
0x00007ffd69713c9d:   cc cc cc 40 53 48 8b 01 41 8b d8 44 8b 44 24 30
0x00007ffd69713cad:   41 8b d1 4c 8b 4c 24 38 8b cb 4c 8b 50 18 5b 49
0x00007ffd69713cbd:   ff a2 10 1f 00 00 cc cc cc cc cc cc cc cc cc cc
0x00007ffd69713ccd:   cc cc cc 48 8b 01 45 8b d8 4c 8b 44 24 28 41 8b
0x00007ffd69713cdd:   d1 41 8b cb 4c 8b 50 18 49 ff a2 18 1f 00 00 cc
0x00007ffd69713ced:   cc cc cc 48 8b 01 45 8b d8 4c 8b 44 24 28 41 8b
0x00007ffd69713cfd:   d1 41 8b cb 4c 8b 50 18 49 ff a2 20 1f 00 00 cc
0x00007ffd69713d0d:   cc cc cc 48 8b 01 45 8b d8 4c 8b 44 24 28 41 8b
0x00007ffd69713d1d:   d1 41 8b cb 4c 8b 50 18 49 ff a2 28 1f 00 00 cc
0x00007ffd69713d2d:   cc cc cc 48 8b 01 45 8b d8 4c 8b 44 24 28 41 8b
0x00007ffd69713d3d:   d1 41 8b cb 4c 8b 50 18 49 ff a2 30 1f 00 00 cc
0x00007ffd69713d4d:   cc cc cc 48 8b 01 49 8b d1 41 8b c8 4c 8b 50 18
0x00007ffd69713d5d:   49 ff a2 38 1f 00 00 cc cc cc cc cc cc cc cc cc
0x00007ffd69713d6d:   cc cc cc 48 8b 01 41 8b d1 41 8b c8 4c 8b 50 18
0x00007ffd69713d7d:   49 ff a2 40 1f 00 00 cc cc cc cc cc cc cc cc cc
0x00007ffd69713d8d:   cc cc cc 48 8b 01 41 8b d1 41 8b c8 4c 8b 50 18
0x00007ffd69713d9d:   49 ff a2 48 1f 00 00 cc cc cc cc cc cc cc cc cc
0x00007ffd69713dad:   cc cc cc 48 8b 01 41 8b d1 41 8b c8 4c 8b 50 18
0x00007ffd69713dbd:   49 ff a2 50 1f 00 00 cc cc cc cc cc cc cc cc cc
0x00007ffd69713dcd:   cc cc cc 40 53 48 8b 01 41 8b d8 44 8b 44 24 30
0x00007ffd69713ddd:   41 8b d1 4c 8b 4c 24 38 8b cb 4c 8b 50 18 8b 44
0x00007ffd69713ded:   24 40 89 44 24 30 5b 49 ff a2 58 1f 00 00 cc cc
0x00007ffd69713dfd:   cc cc cc 40 53 48 8b 01 41 8b d8 44 8b 44 24 30
0x00007ffd69713e0d:   41 8b d1 4c 8b 4c 24 38 8b cb 4c 8b 50 18 48 8b
0x00007ffd69713e1d:   44 24 48 48 89 44 24 38 48 8b 44 24 40 48 89 44
0x00007ffd69713e2d:   24 30 5b 49 ff a2 60 1f 00 00 cc cc cc cc cc cc
0x00007ffd69713e3d:   cc cc cc 40 53 48 8b 01 41 8b d8 44 8b 44 24 30
0x00007ffd69713e4d:   41 8b d1 44 8b 4c 24 38 8b cb 4c 8b 50 18 8b 44 


Stack slot to memory mapping:

stack at sp + 0 slots: 0x000001968753ce4b is at code_begin+1067 in an Interpreter codelet
native method entry point (kind = native)  [0x000001968753ca20, 0x000001968753d548]  2856 bytes
stack at sp + 1 slots: 0x0000019687538860 is at code_begin+1184 in an Interpreter codelet
return entry points  [0x00000196875383c0, 0x0000019687538f60]  2976 bytes
stack at sp + 2 slots: 0x000001968753cb37 is at code_begin+279 in an Interpreter codelet
native method entry point (kind = native)  [0x000001968753ca20, 0x000001968753d548]  2856 bytes
stack at sp + 3 slots: {method} {0x00000196d06d8838} 'nglCreateVertexArrays' '(IJ)V' in 'org/lwjgl/opengl/GL45C'
stack at sp + 4 slots: 0x00000196d45be308 points into unknown readable memory: 0x88000b74d002714b | 4b 71 02 d0 74 0b 00 88
stack at sp + 5 slots: 0x000000906a4ff0f8 is pointing into the stack for thread: 0x00000196e7bb6920
stack at sp + 6 slots: 0x000001968753893e is at code_begin+1406 in an Interpreter codelet
return entry points  [0x00000196875383c0, 0x0000019687538f60]  2976 bytes
stack at sp + 7 slots: 0x000001968753cadf is at code_begin+191 in an Interpreter codelet
native method entry point (kind = native)  [0x000001968753ca20, 0x000001968753d548]  2856 bytes


---------------  P R O C E S S  ---------------

Threads class SMR info:
_java_thread_list=0x00000196ff65b010, length=12, elements={
0x00000196e7bb6920, 0x00000196fec82ab0, 0x00000196fec836b0, 0x00000196fec8a810,
0x00000196fecac710, 0x00000196fecadc60, 0x00000196fecaef80, 0x00000196fecb6e50,
0x00000196fecbbfd0, 0x00000196ff60e9a0, 0x00000196ff6141f0, 0x00000196ff81e3e0
}

Java Threads: ( => current thread )
=>0x00000196e7bb6920 JavaThread "main"                              [_thread_in_native, id=8332, stack(0x000000906a400000,0x000000906a500000) (1024K)]
  0x00000196fec82ab0 JavaThread "Reference Handler"          daemon [_thread_blocked, id=23840, stack(0x000000906ac00000,0x000000906ad00000) (1024K)]
  0x00000196fec836b0 JavaThread "Finalizer"                  daemon [_thread_blocked, id=9316, stack(0x000000906ad00000,0x000000906ae00000) (1024K)]
  0x00000196fec8a810 JavaThread "Signal Dispatcher"          daemon [_thread_blocked, id=152, stack(0x000000906ae00000,0x000000906af00000) (1024K)]
  0x00000196fecac710 JavaThread "Attach Listener"            daemon [_thread_blocked, id=25560, stack(0x000000906af00000,0x000000906b000000) (1024K)]
  0x00000196fecadc60 JavaThread "Service Thread"             daemon [_thread_blocked, id=24784, stack(0x000000906b000000,0x000000906b100000) (1024K)]
  0x00000196fecaef80 JavaThread "Monitor Deflation Thread"   daemon [_thread_blocked, id=18788, stack(0x000000906b100000,0x000000906b200000) (1024K)]
  0x00000196fecb6e50 JavaThread "C2 CompilerThread0"         daemon [_thread_blocked, id=22540, stack(0x000000906b200000,0x000000906b300000) (1024K)]
  0x00000196fecbbfd0 JavaThread "C1 CompilerThread0"         daemon [_thread_blocked, id=24728, stack(0x000000906b300000,0x000000906b400000) (1024K)]
  0x00000196ff60e9a0 JavaThread "Notification Thread"        daemon [_thread_blocked, id=18840, stack(0x000000906b400000,0x000000906b500000) (1024K)]
  0x00000196ff6141f0 JavaThread "Common-Cleaner"             daemon [_thread_blocked, id=2332, stack(0x000000906b500000,0x000000906b600000) (1024K)]
  0x00000196ff81e3e0 JavaThread "C2 CompilerThread1"         daemon [_thread_blocked, id=25504, stack(0x000000906b600000,0x000000906b700000) (1024K)]
Total: 12

Other Threads:
  0x00000196fec62460 VMThread "VM Thread"                           [id=8360, stack(0x000000906ab00000,0x000000906ac00000) (1024K)]
  0x00000196fec53660 WatcherThread "VM Periodic Task Thread"        [id=24024, stack(0x000000906aa00000,0x000000906ab00000) (1024K)]
  0x00000196ea086070 WorkerThread "GC Thread#0"                     [id=17056, stack(0x000000906a500000,0x000000906a600000) (1024K)]
  0x00000196ea098670 ConcurrentGCThread "G1 Main Marker"            [id=24436, stack(0x000000906a600000,0x000000906a700000) (1024K)]
  0x00000196ea099910 WorkerThread "G1 Conc#0"                       [id=14360, stack(0x000000906a700000,0x000000906a800000) (1024K)]
  0x00000196feb8f190 ConcurrentGCThread "G1 Refine#0"               [id=6404, stack(0x000000906a800000,0x000000906a900000) (1024K)]
  0x00000196feb8fd00 ConcurrentGCThread "G1 Service"                [id=3312, stack(0x000000906a900000,0x000000906aa00000) (1024K)]
Total: 7

Threads with active compile tasks:
Total: 0

VM state: not at safepoint (normal execution)

VM Mutex/Monitor currently owned by a thread: None

Heap address: 0x0000000600c00000, size: 8180 MB, Compressed Oops mode: Zero based, Oop shift amount: 3

CDS archive(s) mapped at: [0x000001968f000000-0x000001968fc80000-0x000001968fc80000), size 13107200, SharedBaseAddress: 0x000001968f000000, ArchiveRelocationMode: 1.
Compressed class space mapped at: 0x0000019690000000-0x00000196d0000000, reserved size: 1073741824
Narrow klass base: 0x000001968f000000, Narrow klass shift: 0, Narrow klass range: 0x100000000

GC Precious Log:
 CardTable entry size: 512
 Card Set container configuration: InlinePtr #cards 4 size 8 Array Of Cards #cards 32 size 80 Howl #buckets 8 coarsen threshold 7372 Howl Bitmap #cards 1024 size 144 coarsen threshold 921 Card regions per heap region 1 cards per card region 8192
 CPUs: 8 total, 8 available
 Memory: 32705M
 Large Page Support: Disabled
 NUMA Support: Disabled
 Compressed Oops: Enabled (Zero based)
 Heap Region Size: 4M
 Heap Min Capacity: 8M
 Heap Initial Capacity: 512M
 Heap Max Capacity: 8180M
 Pre-touch: Disabled
 Parallel Workers: 8
 Concurrent Workers: 2
 Concurrent Refinement Workers: 8
 Periodic GC: Disabled

Heap:
 garbage-first heap   total 524288K, used 12288K [0x0000000600c00000, 0x0000000800000000)
  region size 4096K, 5 young (20480K), 0 survivors (0K)
 Metaspace       used 7810K, committed 8064K, reserved 1114112K
  class space    used 779K, committed 896K, reserved 1048576K

Heap Regions: E=young(eden), S=young(survivor), O=old, HS=humongous(starts), HC=humongous(continues), CS=collection set, F=free, TAMS=top-at-mark-start, PB=parsable bottom
|   0|0x0000000600c00000, 0x0000000600c00000, 0x0000000601000000|  0%| F|  |TAMS 0x0000000600c00000| PB 0x0000000600c00000| Untracked 
|   1|0x0000000601000000, 0x0000000601000000, 0x0000000601400000|  0%| F|  |TAMS 0x0000000601000000| PB 0x0000000601000000| Untracked 
|   2|0x0000000601400000, 0x0000000601400000, 0x0000000601800000|  0%| F|  |TAMS 0x0000000601400000| PB 0x0000000601400000| Untracked 
|   3|0x0000000601800000, 0x0000000601800000, 0x0000000601c00000|  0%| F|  |TAMS 0x0000000601800000| PB 0x0000000601800000| Untracked 
|   4|0x0000000601c00000, 0x0000000601c00000, 0x0000000602000000|  0%| F|  |TAMS 0x0000000601c00000| PB 0x0000000601c00000| Untracked 
|   5|0x0000000602000000, 0x0000000602000000, 0x0000000602400000|  0%| F|  |TAMS 0x0000000602000000| PB 0x0000000602000000| Untracked 
|   6|0x0000000602400000, 0x0000000602400000, 0x0000000602800000|  0%| F|  |TAMS 0x0000000602400000| PB 0x0000000602400000| Untracked 
|   7|0x0000000602800000, 0x0000000602800000, 0x0000000602c00000|  0%| F|  |TAMS 0x0000000602800000| PB 0x0000000602800000| Untracked 
|   8|0x0000000602c00000, 0x0000000602c00000, 0x0000000603000000|  0%| F|  |TAMS 0x0000000602c00000| PB 0x0000000602c00000| Untracked 
|   9|0x0000000603000000, 0x0000000603000000, 0x0000000603400000|  0%| F|  |TAMS 0x0000000603000000| PB 0x0000000603000000| Untracked 
|  10|0x0000000603400000, 0x0000000603400000, 0x0000000603800000|  0%| F|  |TAMS 0x0000000603400000| PB 0x0000000603400000| Untracked 
|  11|0x0000000603800000, 0x0000000603800000, 0x0000000603c00000|  0%| F|  |TAMS 0x0000000603800000| PB 0x0000000603800000| Untracked 
|  12|0x0000000603c00000, 0x0000000603c00000, 0x0000000604000000|  0%| F|  |TAMS 0x0000000603c00000| PB 0x0000000603c00000| Untracked 
|  13|0x0000000604000000, 0x0000000604000000, 0x0000000604400000|  0%| F|  |TAMS 0x0000000604000000| PB 0x0000000604000000| Untracked 
|  14|0x0000000604400000, 0x0000000604400000, 0x0000000604800000|  0%| F|  |TAMS 0x0000000604400000| PB 0x0000000604400000| Untracked 
|  15|0x0000000604800000, 0x0000000604800000, 0x0000000604c00000|  0%| F|  |TAMS 0x0000000604800000| PB 0x0000000604800000| Untracked 
|  16|0x0000000604c00000, 0x0000000604c00000, 0x0000000605000000|  0%| F|  |TAMS 0x0000000604c00000| PB 0x0000000604c00000| Untracked 
|  17|0x0000000605000000, 0x0000000605000000, 0x0000000605400000|  0%| F|  |TAMS 0x0000000605000000| PB 0x0000000605000000| Untracked 
|  18|0x0000000605400000, 0x0000000605400000, 0x0000000605800000|  0%| F|  |TAMS 0x0000000605400000| PB 0x0000000605400000| Untracked 
|  19|0x0000000605800000, 0x0000000605800000, 0x0000000605c00000|  0%| F|  |TAMS 0x0000000605800000| PB 0x0000000605800000| Untracked 
|  20|0x0000000605c00000, 0x0000000605c00000, 0x0000000606000000|  0%| F|  |TAMS 0x0000000605c00000| PB 0x0000000605c00000| Untracked 
|  21|0x0000000606000000, 0x0000000606000000, 0x0000000606400000|  0%| F|  |TAMS 0x0000000606000000| PB 0x0000000606000000| Untracked 
|  22|0x0000000606400000, 0x0000000606400000, 0x0000000606800000|  0%| F|  |TAMS 0x0000000606400000| PB 0x0000000606400000| Untracked 
|  23|0x0000000606800000, 0x0000000606800000, 0x0000000606c00000|  0%| F|  |TAMS 0x0000000606800000| PB 0x0000000606800000| Untracked 
|  24|0x0000000606c00000, 0x0000000606c00000, 0x0000000607000000|  0%| F|  |TAMS 0x0000000606c00000| PB 0x0000000606c00000| Untracked 
|  25|0x0000000607000000, 0x0000000607000000, 0x0000000607400000|  0%| F|  |TAMS 0x0000000607000000| PB 0x0000000607000000| Untracked 
|  26|0x0000000607400000, 0x0000000607400000, 0x0000000607800000|  0%| F|  |TAMS 0x0000000607400000| PB 0x0000000607400000| Untracked 
|  27|0x0000000607800000, 0x0000000607800000, 0x0000000607c00000|  0%| F|  |TAMS 0x0000000607800000| PB 0x0000000607800000| Untracked 
|  28|0x0000000607c00000, 0x0000000607c00000, 0x0000000608000000|  0%| F|  |TAMS 0x0000000607c00000| PB 0x0000000607c00000| Untracked 
|  29|0x0000000608000000, 0x0000000608000000, 0x0000000608400000|  0%| F|  |TAMS 0x0000000608000000| PB 0x0000000608000000| Untracked 
|  30|0x0000000608400000, 0x0000000608400000, 0x0000000608800000|  0%| F|  |TAMS 0x0000000608400000| PB 0x0000000608400000| Untracked 
|  31|0x0000000608800000, 0x0000000608800000, 0x0000000608c00000|  0%| F|  |TAMS 0x0000000608800000| PB 0x0000000608800000| Untracked 
|  32|0x0000000608c00000, 0x0000000608c00000, 0x0000000609000000|  0%| F|  |TAMS 0x0000000608c00000| PB 0x0000000608c00000| Untracked 
|  33|0x0000000609000000, 0x0000000609000000, 0x0000000609400000|  0%| F|  |TAMS 0x0000000609000000| PB 0x0000000609000000| Untracked 
|  34|0x0000000609400000, 0x0000000609400000, 0x0000000609800000|  0%| F|  |TAMS 0x0000000609400000| PB 0x0000000609400000| Untracked 
|  35|0x0000000609800000, 0x0000000609800000, 0x0000000609c00000|  0%| F|  |TAMS 0x0000000609800000| PB 0x0000000609800000| Untracked 
|  36|0x0000000609c00000, 0x0000000609c00000, 0x000000060a000000|  0%| F|  |TAMS 0x0000000609c00000| PB 0x0000000609c00000| Untracked 
|  37|0x000000060a000000, 0x000000060a000000, 0x000000060a400000|  0%| F|  |TAMS 0x000000060a000000| PB 0x000000060a000000| Untracked 
|  38|0x000000060a400000, 0x000000060a400000, 0x000000060a800000|  0%| F|  |TAMS 0x000000060a400000| PB 0x000000060a400000| Untracked 
|  39|0x000000060a800000, 0x000000060a800000, 0x000000060ac00000|  0%| F|  |TAMS 0x000000060a800000| PB 0x000000060a800000| Untracked 
|  40|0x000000060ac00000, 0x000000060ac00000, 0x000000060b000000|  0%| F|  |TAMS 0x000000060ac00000| PB 0x000000060ac00000| Untracked 
|  41|0x000000060b000000, 0x000000060b000000, 0x000000060b400000|  0%| F|  |TAMS 0x000000060b000000| PB 0x000000060b000000| Untracked 
|  42|0x000000060b400000, 0x000000060b400000, 0x000000060b800000|  0%| F|  |TAMS 0x000000060b400000| PB 0x000000060b400000| Untracked 
|  43|0x000000060b800000, 0x000000060b800000, 0x000000060bc00000|  0%| F|  |TAMS 0x000000060b800000| PB 0x000000060b800000| Untracked 
|  44|0x000000060bc00000, 0x000000060bc00000, 0x000000060c000000|  0%| F|  |TAMS 0x000000060bc00000| PB 0x000000060bc00000| Untracked 
|  45|0x000000060c000000, 0x000000060c000000, 0x000000060c400000|  0%| F|  |TAMS 0x000000060c000000| PB 0x000000060c000000| Untracked 
|  46|0x000000060c400000, 0x000000060c400000, 0x000000060c800000|  0%| F|  |TAMS 0x000000060c400000| PB 0x000000060c400000| Untracked 
|  47|0x000000060c800000, 0x000000060c800000, 0x000000060cc00000|  0%| F|  |TAMS 0x000000060c800000| PB 0x000000060c800000| Untracked 
|  48|0x000000060cc00000, 0x000000060cc00000, 0x000000060d000000|  0%| F|  |TAMS 0x000000060cc00000| PB 0x000000060cc00000| Untracked 
|  49|0x000000060d000000, 0x000000060d000000, 0x000000060d400000|  0%| F|  |TAMS 0x000000060d000000| PB 0x000000060d000000| Untracked 
|  50|0x000000060d400000, 0x000000060d400000, 0x000000060d800000|  0%| F|  |TAMS 0x000000060d400000| PB 0x000000060d400000| Untracked 
|  51|0x000000060d800000, 0x000000060d800000, 0x000000060dc00000|  0%| F|  |TAMS 0x000000060d800000| PB 0x000000060d800000| Untracked 
|  52|0x000000060dc00000, 0x000000060dc00000, 0x000000060e000000|  0%| F|  |TAMS 0x000000060dc00000| PB 0x000000060dc00000| Untracked 
|  53|0x000000060e000000, 0x000000060e000000, 0x000000060e400000|  0%| F|  |TAMS 0x000000060e000000| PB 0x000000060e000000| Untracked 
|  54|0x000000060e400000, 0x000000060e400000, 0x000000060e800000|  0%| F|  |TAMS 0x000000060e400000| PB 0x000000060e400000| Untracked 
|  55|0x000000060e800000, 0x000000060e800000, 0x000000060ec00000|  0%| F|  |TAMS 0x000000060e800000| PB 0x000000060e800000| Untracked 
|  56|0x000000060ec00000, 0x000000060ec00000, 0x000000060f000000|  0%| F|  |TAMS 0x000000060ec00000| PB 0x000000060ec00000| Untracked 
|  57|0x000000060f000000, 0x000000060f000000, 0x000000060f400000|  0%| F|  |TAMS 0x000000060f000000| PB 0x000000060f000000| Untracked 
|  58|0x000000060f400000, 0x000000060f400000, 0x000000060f800000|  0%| F|  |TAMS 0x000000060f400000| PB 0x000000060f400000| Untracked 
|  59|0x000000060f800000, 0x000000060f800000, 0x000000060fc00000|  0%| F|  |TAMS 0x000000060f800000| PB 0x000000060f800000| Untracked 
|  60|0x000000060fc00000, 0x000000060fc00000, 0x0000000610000000|  0%| F|  |TAMS 0x000000060fc00000| PB 0x000000060fc00000| Untracked 
|  61|0x0000000610000000, 0x0000000610000000, 0x0000000610400000|  0%| F|  |TAMS 0x0000000610000000| PB 0x0000000610000000| Untracked 
|  62|0x0000000610400000, 0x0000000610400000, 0x0000000610800000|  0%| F|  |TAMS 0x0000000610400000| PB 0x0000000610400000| Untracked 
|  63|0x0000000610800000, 0x0000000610800000, 0x0000000610c00000|  0%| F|  |TAMS 0x0000000610800000| PB 0x0000000610800000| Untracked 
|  64|0x0000000610c00000, 0x0000000610c00000, 0x0000000611000000|  0%| F|  |TAMS 0x0000000610c00000| PB 0x0000000610c00000| Untracked 
|  65|0x0000000611000000, 0x0000000611000000, 0x0000000611400000|  0%| F|  |TAMS 0x0000000611000000| PB 0x0000000611000000| Untracked 
|  66|0x0000000611400000, 0x0000000611400000, 0x0000000611800000|  0%| F|  |TAMS 0x0000000611400000| PB 0x0000000611400000| Untracked 
|  67|0x0000000611800000, 0x0000000611800000, 0x0000000611c00000|  0%| F|  |TAMS 0x0000000611800000| PB 0x0000000611800000| Untracked 
|  68|0x0000000611c00000, 0x0000000611c00000, 0x0000000612000000|  0%| F|  |TAMS 0x0000000611c00000| PB 0x0000000611c00000| Untracked 
|  69|0x0000000612000000, 0x0000000612000000, 0x0000000612400000|  0%| F|  |TAMS 0x0000000612000000| PB 0x0000000612000000| Untracked 
|  70|0x0000000612400000, 0x0000000612400000, 0x0000000612800000|  0%| F|  |TAMS 0x0000000612400000| PB 0x0000000612400000| Untracked 
|  71|0x0000000612800000, 0x0000000612800000, 0x0000000612c00000|  0%| F|  |TAMS 0x0000000612800000| PB 0x0000000612800000| Untracked 
|  72|0x0000000612c00000, 0x0000000612c00000, 0x0000000613000000|  0%| F|  |TAMS 0x0000000612c00000| PB 0x0000000612c00000| Untracked 
|  73|0x0000000613000000, 0x0000000613000000, 0x0000000613400000|  0%| F|  |TAMS 0x0000000613000000| PB 0x0000000613000000| Untracked 
|  74|0x0000000613400000, 0x0000000613400000, 0x0000000613800000|  0%| F|  |TAMS 0x0000000613400000| PB 0x0000000613400000| Untracked 
|  75|0x0000000613800000, 0x0000000613800000, 0x0000000613c00000|  0%| F|  |TAMS 0x0000000613800000| PB 0x0000000613800000| Untracked 
|  76|0x0000000613c00000, 0x0000000613c00000, 0x0000000614000000|  0%| F|  |TAMS 0x0000000613c00000| PB 0x0000000613c00000| Untracked 
|  77|0x0000000614000000, 0x0000000614000000, 0x0000000614400000|  0%| F|  |TAMS 0x0000000614000000| PB 0x0000000614000000| Untracked 
|  78|0x0000000614400000, 0x0000000614400000, 0x0000000614800000|  0%| F|  |TAMS 0x0000000614400000| PB 0x0000000614400000| Untracked 
|  79|0x0000000614800000, 0x0000000614800000, 0x0000000614c00000|  0%| F|  |TAMS 0x0000000614800000| PB 0x0000000614800000| Untracked 
|  80|0x0000000614c00000, 0x0000000614c00000, 0x0000000615000000|  0%| F|  |TAMS 0x0000000614c00000| PB 0x0000000614c00000| Untracked 
|  81|0x0000000615000000, 0x0000000615000000, 0x0000000615400000|  0%| F|  |TAMS 0x0000000615000000| PB 0x0000000615000000| Untracked 
|  82|0x0000000615400000, 0x0000000615400000, 0x0000000615800000|  0%| F|  |TAMS 0x0000000615400000| PB 0x0000000615400000| Untracked 
|  83|0x0000000615800000, 0x0000000615800000, 0x0000000615c00000|  0%| F|  |TAMS 0x0000000615800000| PB 0x0000000615800000| Untracked 
|  84|0x0000000615c00000, 0x0000000615c00000, 0x0000000616000000|  0%| F|  |TAMS 0x0000000615c00000| PB 0x0000000615c00000| Untracked 
|  85|0x0000000616000000, 0x0000000616000000, 0x0000000616400000|  0%| F|  |TAMS 0x0000000616000000| PB 0x0000000616000000| Untracked 
|  86|0x0000000616400000, 0x0000000616400000, 0x0000000616800000|  0%| F|  |TAMS 0x0000000616400000| PB 0x0000000616400000| Untracked 
|  87|0x0000000616800000, 0x0000000616800000, 0x0000000616c00000|  0%| F|  |TAMS 0x0000000616800000| PB 0x0000000616800000| Untracked 
|  88|0x0000000616c00000, 0x0000000616c00000, 0x0000000617000000|  0%| F|  |TAMS 0x0000000616c00000| PB 0x0000000616c00000| Untracked 
|  89|0x0000000617000000, 0x0000000617000000, 0x0000000617400000|  0%| F|  |TAMS 0x0000000617000000| PB 0x0000000617000000| Untracked 
|  90|0x0000000617400000, 0x0000000617400000, 0x0000000617800000|  0%| F|  |TAMS 0x0000000617400000| PB 0x0000000617400000| Untracked 
|  91|0x0000000617800000, 0x0000000617800000, 0x0000000617c00000|  0%| F|  |TAMS 0x0000000617800000| PB 0x0000000617800000| Untracked 
|  92|0x0000000617c00000, 0x0000000617c00000, 0x0000000618000000|  0%| F|  |TAMS 0x0000000617c00000| PB 0x0000000617c00000| Untracked 
|  93|0x0000000618000000, 0x0000000618000000, 0x0000000618400000|  0%| F|  |TAMS 0x0000000618000000| PB 0x0000000618000000| Untracked 
|  94|0x0000000618400000, 0x0000000618400000, 0x0000000618800000|  0%| F|  |TAMS 0x0000000618400000| PB 0x0000000618400000| Untracked 
|  95|0x0000000618800000, 0x0000000618800000, 0x0000000618c00000|  0%| F|  |TAMS 0x0000000618800000| PB 0x0000000618800000| Untracked 
|  96|0x0000000618c00000, 0x0000000618c00000, 0x0000000619000000|  0%| F|  |TAMS 0x0000000618c00000| PB 0x0000000618c00000| Untracked 
|  97|0x0000000619000000, 0x0000000619000000, 0x0000000619400000|  0%| F|  |TAMS 0x0000000619000000| PB 0x0000000619000000| Untracked 
|  98|0x0000000619400000, 0x0000000619400000, 0x0000000619800000|  0%| F|  |TAMS 0x0000000619400000| PB 0x0000000619400000| Untracked 
|  99|0x0000000619800000, 0x0000000619800000, 0x0000000619c00000|  0%| F|  |TAMS 0x0000000619800000| PB 0x0000000619800000| Untracked 
| 100|0x0000000619c00000, 0x0000000619c00000, 0x000000061a000000|  0%| F|  |TAMS 0x0000000619c00000| PB 0x0000000619c00000| Untracked 
| 101|0x000000061a000000, 0x000000061a000000, 0x000000061a400000|  0%| F|  |TAMS 0x000000061a000000| PB 0x000000061a000000| Untracked 
| 102|0x000000061a400000, 0x000000061a400000, 0x000000061a800000|  0%| F|  |TAMS 0x000000061a400000| PB 0x000000061a400000| Untracked 
| 103|0x000000061a800000, 0x000000061a800000, 0x000000061ac00000|  0%| F|  |TAMS 0x000000061a800000| PB 0x000000061a800000| Untracked 
| 104|0x000000061ac00000, 0x000000061ac00000, 0x000000061b000000|  0%| F|  |TAMS 0x000000061ac00000| PB 0x000000061ac00000| Untracked 
| 105|0x000000061b000000, 0x000000061b000000, 0x000000061b400000|  0%| F|  |TAMS 0x000000061b000000| PB 0x000000061b000000| Untracked 
| 106|0x000000061b400000, 0x000000061b400000, 0x000000061b800000|  0%| F|  |TAMS 0x000000061b400000| PB 0x000000061b400000| Untracked 
| 107|0x000000061b800000, 0x000000061b800000, 0x000000061bc00000|  0%| F|  |TAMS 0x000000061b800000| PB 0x000000061b800000| Untracked 
| 108|0x000000061bc00000, 0x000000061bc00000, 0x000000061c000000|  0%| F|  |TAMS 0x000000061bc00000| PB 0x000000061bc00000| Untracked 
| 109|0x000000061c000000, 0x000000061c000000, 0x000000061c400000|  0%| F|  |TAMS 0x000000061c000000| PB 0x000000061c000000| Untracked 
| 110|0x000000061c400000, 0x000000061c400000, 0x000000061c800000|  0%| F|  |TAMS 0x000000061c400000| PB 0x000000061c400000| Untracked 
| 111|0x000000061c800000, 0x000000061c800000, 0x000000061cc00000|  0%| F|  |TAMS 0x000000061c800000| PB 0x000000061c800000| Untracked 
| 112|0x000000061cc00000, 0x000000061cc00000, 0x000000061d000000|  0%| F|  |TAMS 0x000000061cc00000| PB 0x000000061cc00000| Untracked 
| 113|0x000000061d000000, 0x000000061d000000, 0x000000061d400000|  0%| F|  |TAMS 0x000000061d000000| PB 0x000000061d000000| Untracked 
| 114|0x000000061d400000, 0x000000061d400000, 0x000000061d800000|  0%| F|  |TAMS 0x000000061d400000| PB 0x000000061d400000| Untracked 
| 115|0x000000061d800000, 0x000000061d800000, 0x000000061dc00000|  0%| F|  |TAMS 0x000000061d800000| PB 0x000000061d800000| Untracked 
| 116|0x000000061dc00000, 0x000000061dc00000, 0x000000061e000000|  0%| F|  |TAMS 0x000000061dc00000| PB 0x000000061dc00000| Untracked 
| 117|0x000000061e000000, 0x000000061e000000, 0x000000061e400000|  0%| F|  |TAMS 0x000000061e000000| PB 0x000000061e000000| Untracked 
| 118|0x000000061e400000, 0x000000061e400000, 0x000000061e800000|  0%| F|  |TAMS 0x000000061e400000| PB 0x000000061e400000| Untracked 
| 119|0x000000061e800000, 0x000000061e800000, 0x000000061ec00000|  0%| F|  |TAMS 0x000000061e800000| PB 0x000000061e800000| Untracked 
| 120|0x000000061ec00000, 0x000000061ec00000, 0x000000061f000000|  0%| F|  |TAMS 0x000000061ec00000| PB 0x000000061ec00000| Untracked 
| 121|0x000000061f000000, 0x000000061f000000, 0x000000061f400000|  0%| F|  |TAMS 0x000000061f000000| PB 0x000000061f000000| Untracked 
| 122|0x000000061f400000, 0x000000061f400000, 0x000000061f800000|  0%| F|  |TAMS 0x000000061f400000| PB 0x000000061f400000| Untracked 
| 123|0x000000061f800000, 0x000000061f9b59d0, 0x000000061fc00000| 42%| E|  |TAMS 0x000000061f800000| PB 0x000000061f800000| Complete 
| 124|0x000000061fc00000, 0x0000000620000000, 0x0000000620000000|100%| E|  |TAMS 0x000000061fc00000| PB 0x000000061fc00000| Complete 
| 125|0x0000000620000000, 0x0000000620400000, 0x0000000620400000|100%| E|CS|TAMS 0x0000000620000000| PB 0x0000000620000000| Complete 
| 126|0x0000000620400000, 0x0000000620800000, 0x0000000620800000|100%| E|CS|TAMS 0x0000000620400000| PB 0x0000000620400000| Complete 
| 127|0x0000000620800000, 0x0000000620c00000, 0x0000000620c00000|100%| E|CS|TAMS 0x0000000620800000| PB 0x0000000620800000| Complete 

Card table byte_map: [0x00000196f39f0000,0x00000196f49f0000] _byte_map_base: 0x00000196f09ea000

Marking Bits: (CMBitMap*) 0x00000196ea086f80
 Bits: [0x00000196f49f0000, 0x00000196fc9c0000)

Polling page: 0x00000196e7e30000

Metaspace:

Usage:
  Non-class:      6.87 MB used.
      Class:    779.12 KB used.
       Both:      7.63 MB used.

Virtual space:
  Non-class space:       64.00 MB reserved,       7.00 MB ( 11%) committed,  1 nodes.
      Class space:        1.00 GB reserved,     896.00 KB ( <1%) committed,  1 nodes.
             Both:        1.06 GB reserved,       7.88 MB ( <1%) committed. 

Chunk freelists:
   Non-Class:  8.55 MB
       Class:  15.03 MB
        Both:  23.58 MB

MaxMetaspaceSize: unlimited
CompressedClassSpaceSize: 1.00 GB
Initial GC threshold: 21.00 MB
Current GC threshold: 21.00 MB
CDS: on
 - commit_granule_bytes: 65536.
 - commit_granule_words: 8192.
 - virtual_space_node_default_size: 8388608.
 - enlarge_chunks_in_place: 1.
 - use_allocation_guard: 0.


Internal statistics:

num_allocs_failed_limit: 0.
num_arena_births: 178.
num_arena_deaths: 0.
num_vsnodes_births: 2.
num_vsnodes_deaths: 0.
num_space_committed: 126.
num_space_uncommitted: 0.
num_chunks_returned_to_freelist: 0.
num_chunks_taken_from_freelist: 393.
num_chunk_merges: 0.
num_chunk_splits: 242.
num_chunks_enlarged: 154.
num_inconsistent_stats: 0.

CodeHeap 'non-profiled nmethods': size=120000Kb used=387Kb max_used=387Kb free=119612Kb
 bounds [0x0000019687ad0000, 0x0000019687d40000, 0x000001968f000000]
CodeHeap 'profiled nmethods': size=120000Kb used=2048Kb max_used=2048Kb free=117951Kb
 bounds [0x0000019680000000, 0x0000019680270000, 0x0000019687530000]
CodeHeap 'non-nmethods': size=5760Kb used=1489Kb max_used=1503Kb free=4270Kb
 bounds [0x0000019687530000, 0x00000196877a0000, 0x0000019687ad0000]
 total_blobs=1722 nmethods=1147 adapters=480
 compilation: enabled
              stopped_count=0, restarted_count=0
 full_count=0

Compilation events (20 events):
Event: 0.472 Thread 0x00000196fecbbfd0 1139       3       java.lang.Integer::toUnsignedLong (7 bytes)
Event: 0.472 Thread 0x00000196fecbbfd0 nmethod 1139 0x00000196801fc990 code [0x00000196801fcb20, 0x00000196801fcc20]
Event: 0.472 Thread 0x00000196fecbbfd0 1140       3       sun.misc.Unsafe::putLong (11 bytes)
Event: 0.472 Thread 0x00000196fecbbfd0 nmethod 1140 0x00000196801fcc90 code [0x00000196801fce20, 0x00000196801fcf30]
Event: 0.472 Thread 0x00000196fecbbfd0 1141       3       org.lwjgl.system.MemoryUtil::memPutAddress (29 bytes)
Event: 0.472 Thread 0x00000196fecb6e50 1142       4       java.lang.Integer::toUnsignedLong (7 bytes)
Event: 0.472 Thread 0x00000196ff81e3e0 1143       4       sun.misc.Unsafe::putLong (11 bytes)
Event: 0.472 Thread 0x00000196fecbbfd0 nmethod 1141 0x00000196801fd010 code [0x00000196801fd1c0, 0x00000196801fd3b8]
Event: 0.472 Thread 0x00000196fecb6e50 nmethod 1142 0x0000019687b30910 code [0x0000019687b30a80, 0x0000019687b30ae8]
Event: 0.472 Thread 0x00000196ff81e3e0 nmethod 1143 0x0000019687b30c10 code [0x0000019687b30da0, 0x0000019687b30e58]
Event: 0.477 Thread 0x00000196fecbbfd0 1144   !   3       java.util.zip.ZipFile$ZipFileInputStream::read (135 bytes)
Event: 0.478 Thread 0x00000196fecbbfd0 nmethod 1144 0x00000196801fd490 code [0x00000196801fd6c0, 0x00000196801fdd58]
Event: 0.478 Thread 0x00000196fecbbfd0 1145       3       java.util.zip.ZipFile::ensureOpenOrZipException (19 bytes)
Event: 0.478 Thread 0x00000196fecbbfd0 nmethod 1145 0x00000196801fe110 code [0x00000196801fe2c0, 0x00000196801fe490]
Event: 0.478 Thread 0x00000196fecbbfd0 1146       3       java.util.zip.ZipFile$ZipFileInputStream::initDataOffset (117 bytes)
Event: 0.478 Thread 0x00000196fecbbfd0 nmethod 1146 0x00000196801fe590 code [0x00000196801fe7c0, 0x00000196801fef50]
Event: 0.478 Thread 0x00000196fecbbfd0 1147   !   3       java.util.zip.ZipFile$Source::readAt (39 bytes)
Event: 0.479 Thread 0x00000196fecbbfd0 nmethod 1147 0x00000196801ff290 code [0x00000196801ff460, 0x00000196801ff788]
Event: 0.479 Thread 0x00000196fecbbfd0 1148   !   3       java.util.zip.Inflater::setInput (56 bytes)
Event: 0.479 Thread 0x00000196fecbbfd0 nmethod 1148 0x00000196801ffa10 code [0x00000196801ffbe0, 0x00000196801fffc8]

GC Heap History (0 events):
No events

Dll operation events (8 events):
Event: 0.008 Loaded shared library C:\Program Files\Eclipse Adoptium\jdk-21.0.6.7-hotspot\bin\java.dll
Event: 0.031 Loaded shared library C:\Program Files\Eclipse Adoptium\jdk-21.0.6.7-hotspot\bin\jsvml.dll
Event: 0.059 Loaded shared library C:\Program Files\Eclipse Adoptium\jdk-21.0.6.7-hotspot\bin\net.dll
Event: 0.061 Loaded shared library C:\Program Files\Eclipse Adoptium\jdk-21.0.6.7-hotspot\bin\nio.dll
Event: 0.063 Loaded shared library C:\Program Files\Eclipse Adoptium\jdk-21.0.6.7-hotspot\bin\zip.dll
Event: 0.084 Loaded shared library C:\Program Files\Eclipse Adoptium\jdk-21.0.6.7-hotspot\bin\jimage.dll
Event: 0.398 Loaded shared library C:\Users\harri\AppData\Local\Temp\lwjgl_harri\3.3.3+5\x64\lwjgl.dll
Event: 0.445 Loaded shared library C:\Users\harri\AppData\Local\Temp\lwjgl_harri\3.3.3+5\x64\lwjgl_opengl.dll

Deoptimization events (20 events):
Event: 0.452 Thread 0x00000196e7bb6920 DEOPT PACKING pc=0x00000196801e1c25 sp=0x000000906a4fb960
Event: 0.452 Thread 0x00000196e7bb6920 DEOPT UNPACKING pc=0x0000019687584e42 sp=0x000000906a4fadf8 mode 0
Event: 0.452 Thread 0x00000196e7bb6920 DEOPT PACKING pc=0x00000196801e1c25 sp=0x000000906a4fb960
Event: 0.452 Thread 0x00000196e7bb6920 DEOPT UNPACKING pc=0x0000019687584e42 sp=0x000000906a4fadf8 mode 0
Event: 0.453 Thread 0x00000196e7bb6920 DEOPT PACKING pc=0x00000196801e1c25 sp=0x000000906a4fb960
Event: 0.453 Thread 0x00000196e7bb6920 DEOPT UNPACKING pc=0x0000019687584e42 sp=0x000000906a4fadf8 mode 0
Event: 0.453 Thread 0x00000196e7bb6920 DEOPT PACKING pc=0x00000196801e1c25 sp=0x000000906a4fb960
Event: 0.453 Thread 0x00000196e7bb6920 DEOPT UNPACKING pc=0x0000019687584e42 sp=0x000000906a4fadf8 mode 0
Event: 0.453 Thread 0x00000196e7bb6920 DEOPT PACKING pc=0x00000196801e1c25 sp=0x000000906a4fb960
Event: 0.453 Thread 0x00000196e7bb6920 DEOPT UNPACKING pc=0x0000019687584e42 sp=0x000000906a4fadf8 mode 0
Event: 0.453 Thread 0x00000196e7bb6920 DEOPT PACKING pc=0x00000196801e1c25 sp=0x000000906a4fb960
Event: 0.453 Thread 0x00000196e7bb6920 DEOPT UNPACKING pc=0x0000019687584e42 sp=0x000000906a4fadf8 mode 0
Event: 0.453 Thread 0x00000196e7bb6920 DEOPT PACKING pc=0x00000196801e1c25 sp=0x000000906a4fb960
Event: 0.453 Thread 0x00000196e7bb6920 DEOPT UNPACKING pc=0x0000019687584e42 sp=0x000000906a4fadf8 mode 0
Event: 0.453 Thread 0x00000196e7bb6920 DEOPT PACKING pc=0x00000196801e1c25 sp=0x000000906a4fb960
Event: 0.453 Thread 0x00000196e7bb6920 DEOPT UNPACKING pc=0x0000019687584e42 sp=0x000000906a4fadf8 mode 0
Event: 0.485 Thread 0x00000196e7bb6920 Uncommon trap: trap_request=0xffffff54 fr.pc=0x0000019687b30e14 relative=0x0000000000000074
Event: 0.485 Thread 0x00000196e7bb6920 Uncommon trap: reason=speculate_null_assert action=make_not_entrant pc=0x0000019687b30e14 method=sun.misc.Unsafe.putLong(Ljava/lang/Object;JJ)V @ 7 c2
Event: 0.485 Thread 0x00000196e7bb6920 DEOPT PACKING pc=0x0000019687b30e14 sp=0x000000906a4fefb0
Event: 0.485 Thread 0x00000196e7bb6920 DEOPT UNPACKING pc=0x00000196875846a2 sp=0x000000906a4fef28 mode 2

Classes loaded (20 events):
Event: 0.458 Loading class java/nio/DirectCharBufferU
Event: 0.458 Loading class java/nio/DirectCharBufferU done
Event: 0.458 Loading class java/nio/DirectFloatBufferU
Event: 0.458 Loading class java/nio/DirectFloatBufferU done
Event: 0.458 Loading class java/nio/DirectDoubleBufferU
Event: 0.458 Loading class java/nio/DirectDoubleBufferU done
Event: 0.459 Loading class sun/misc/Unsafe
Event: 0.459 Loading class sun/misc/Unsafe done
Event: 0.459 Loading class java/lang/invoke/DirectMethodHandle$StaticAccessor
Event: 0.459 Loading class java/lang/invoke/DirectMethodHandle$StaticAccessor done
Event: 0.460 Loading class java/util/function/LongPredicate
Event: 0.460 Loading class java/util/function/LongPredicate done
Event: 0.461 Loading class java/lang/foreign/MemorySegment
Event: 0.461 Loading class java/lang/foreign/MemorySegment done
Event: 0.464 Loading class java/nio/InvalidMarkException
Event: 0.464 Loading class java/nio/InvalidMarkException done
Event: 0.464 Loading class java/nio/BufferUnderflowException
Event: 0.464 Loading class java/nio/BufferUnderflowException done
Event: 0.470 Loading class java/util/Formatter$FixedString
Event: 0.470 Loading class java/util/Formatter$FixedString done

Classes unloaded (0 events):
No events

Classes redefined (0 events):
No events

Internal exceptions (20 events):
Event: 0.371 Thread 0x00000196e7bb6920 Exception <a 'java/lang/NoSuchMethodError'{0x000000061fdf7e10}: 'void java.lang.invoke.DirectMethodHandle$Holder.invokeStatic(java.lang.Object, java.lang.Object)'> (0x000000061fdf7e10) 
thrown [s\src\hotspot\share\interpreter\linkResolver.cpp, line 773]
Event: 0.371 Thread 0x00000196e7bb6920 Exception <a 'java/lang/NoSuchMethodError'{0x000000061fdfcdf8}: 'void java.lang.System.load(java.lang.String, java.lang.Class)'> (0x000000061fdfcdf8) 
thrown [s\src\hotspot\share\interpreter\linkResolver.cpp, line 773]
Event: 0.371 Thread 0x00000196e7bb6920 Exception <a 'java/lang/NoSuchMethodError'{0x000000061fdfda78}: 'void java.lang.invoke.DirectMethodHandle$Holder.invokeSpecial(java.lang.Object, java.lang.Object, java.lang.Object)'> (0x000000061fdfda78) 
thrown [s\src\hotspot\share\interpreter\linkResolver.cpp, line 773]
Event: 0.372 Thread 0x00000196e7bb6920 Exception <a 'java/lang/NoSuchMethodError'{0x000000061fe0b180}: 'java.lang.Object java.lang.invoke.DirectMethodHandle$Holder.invokeStatic(java.lang.Object, java.lang.Object, int)'> (0x000000061fe0b180) 
thrown [s\src\hotspot\share\interpreter\linkResolver.cpp, line 773]
Event: 0.373 Thread 0x00000196e7bb6920 Exception <a 'java/lang/NoSuchMethodError'{0x000000061fe19880}: 'void java.lang.invoke.DelegatingMethodHandle$Holder.delegate(java.lang.Object, java.lang.Object, int, java.lang.Object)'> (0x000000061fe19880) 
thrown [s\src\hotspot\share\interpreter\linkResolver.cpp, line 773]
Event: 0.376 Thread 0x00000196e7bb6920 Exception <a 'java/lang/NoSuchMethodError'{0x000000061fe33190}: 'void java.lang.System.loadLibrary(java.lang.String, java.lang.Class)'> (0x000000061fe33190) 
thrown [s\src\hotspot\share\interpreter\linkResolver.cpp, line 773]
Event: 0.383 Thread 0x00000196e7bb6920 Exception <a 'java/lang/NoSuchMethodError'{0x000000061fe81a70}: 'void java.lang.System.load(java.lang.String, java.lang.Class)'> (0x000000061fe81a70) 
thrown [s\src\hotspot\share\interpreter\linkResolver.cpp, line 773]
Event: 0.384 Thread 0x00000196e7bb6920 Exception <a 'java/lang/NoSuchMethodError'{0x000000061fe844f8}: 'void java.lang.System.loadLibrary(java.lang.String, java.lang.Class)'> (0x000000061fe844f8) 
thrown [s\src\hotspot\share\interpreter\linkResolver.cpp, line 773]
Event: 0.396 Thread 0x00000196e7bb6920 Exception <a 'sun/nio/fs/WindowsException'{0x000000061feae098}> (0x000000061feae098) 
thrown [s\src\hotspot\share\prims\jni.cpp, line 520]
Event: 0.396 Thread 0x00000196e7bb6920 Exception <a 'sun/nio/fs/WindowsException'{0x000000061feae5e8}> (0x000000061feae5e8) 
thrown [s\src\hotspot\share\prims\jni.cpp, line 520]
Event: 0.443 Thread 0x00000196e7bb6920 Exception <a 'sun/nio/fs/WindowsException'{0x000000061ff1b1c8}> (0x000000061ff1b1c8) 
thrown [s\src\hotspot\share\prims\jni.cpp, line 520]
Event: 0.443 Thread 0x00000196e7bb6920 Exception <a 'sun/nio/fs/WindowsException'{0x000000061ff1b568}> (0x000000061ff1b568) 
thrown [s\src\hotspot\share\prims\jni.cpp, line 520]
Event: 0.454 Thread 0x00000196e7bb6920 Exception <a 'sun/nio/fs/WindowsException'{0x000000061ff24090}> (0x000000061ff24090) 
thrown [s\src\hotspot\share\prims\jni.cpp, line 520]
Event: 0.454 Thread 0x00000196e7bb6920 Exception <a 'sun/nio/fs/WindowsException'{0x000000061ff24360}> (0x000000061ff24360) 
thrown [s\src\hotspot\share\prims\jni.cpp, line 520]
Event: 0.461 Thread 0x00000196e7bb6920 Exception <a 'java/lang/NoSuchMethodError'{0x000000061ff72178}: 'int java.lang.invoke.DirectMethodHandle$Holder.invokeStaticInit(java.lang.Object, java.lang.Object, int, long)'> (0x000000061ff72178) 
thrown [s\src\hotspot\share\interpreter\linkResolver.cpp, line 773]
Event: 0.461 Thread 0x00000196e7bb6920 Exception <a 'java/lang/NoSuchMethodError'{0x000000061ff77550}: 'java.lang.Object java.lang.invoke.DirectMethodHandle$Holder.newInvokeSpecial(java.lang.Object, java.lang.Object, int)'> (0x000000061ff77550) 
thrown [s\src\hotspot\share\interpreter\linkResolver.cpp, line 773]
Event: 0.462 Thread 0x00000196e7bb6920 Exception <a 'java/lang/NoSuchMethodError'{0x000000061ff86548}: 'int java.lang.invoke.DirectMethodHandle$Holder.invokeStaticInit(java.lang.Object, java.lang.Object, long, long)'> (0x000000061ff86548) 
thrown [s\src\hotspot\share\interpreter\linkResolver.cpp, line 773]
Event: 0.462 Thread 0x00000196e7bb6920 Exception <a 'java/lang/NoSuchMethodError'{0x000000061ff8be48}: 'java.lang.Object java.lang.invoke.DirectMethodHandle$Holder.newInvokeSpecial(java.lang.Object, java.lang.Object, long)'> (0x000000061ff8be48) 
thrown [s\src\hotspot\share\interpreter\linkResolver.cpp, line 773]
Event: 0.463 Thread 0x00000196e7bb6920 Exception <a 'java/lang/NoSuchMethodError'{0x000000061ff8f7a0}: 'java.lang.Object java.lang.invoke.Invokers$Holder.linkToTargetMethod(java.lang.Object, long, java.lang.Object)'> (0x000000061ff8f7a0) 
thrown [s\src\hotspot\share\interpreter\linkResolver.cpp, line 773]
Event: 0.463 Thread 0x00000196e7bb6920 Exception <a 'java/lang/NoSuchMethodError'{0x000000061ff968b8}: 'int java.lang.invoke.DirectMethodHandle$Holder.invokeStaticInit(java.lang.Object, java.lang.Object, java.lang.Object, long)'> (0x000000061ff968b8) 
thrown [s\src\hotspot\share\interpreter\linkResolver.cpp, line 773]

ZGC Phase Switch (0 events):
No events

VM Operations (10 events):
Event: 0.064 Executing VM operation: HandshakeAllThreads (Deoptimize)
Event: 0.064 Executing VM operation: HandshakeAllThreads (Deoptimize) done
Event: 0.319 Executing VM operation: HandshakeAllThreads (Deoptimize)
Event: 0.319 Executing VM operation: HandshakeAllThreads (Deoptimize) done
Event: 0.322 Executing VM operation: HandshakeAllThreads (Deoptimize)
Event: 0.322 Executing VM operation: HandshakeAllThreads (Deoptimize) done
Event: 0.372 Executing VM operation: HandshakeAllThreads (Deoptimize)
Event: 0.372 Executing VM operation: HandshakeAllThreads (Deoptimize) done
Event: 0.427 Executing VM operation: ICBufferFull
Event: 0.427 Executing VM operation: ICBufferFull done

Memory protections (0 events):
No events

Nmethod flushes (0 events):
No events

Events (12 events):
Event: 0.018 Thread 0x00000196e7bb6920 Thread added: 0x00000196e7bb6920
Event: 0.029 Thread 0x00000196e7bb6920 Thread added: 0x00000196fec82ab0
Event: 0.029 Thread 0x00000196e7bb6920 Thread added: 0x00000196fec836b0
Event: 0.029 Thread 0x00000196e7bb6920 Thread added: 0x00000196fec8a810
Event: 0.029 Thread 0x00000196e7bb6920 Thread added: 0x00000196fecac710
Event: 0.029 Thread 0x00000196e7bb6920 Thread added: 0x00000196fecadc60
Event: 0.029 Thread 0x00000196e7bb6920 Thread added: 0x00000196fecaef80
Event: 0.029 Thread 0x00000196e7bb6920 Thread added: 0x00000196fecb6e50
Event: 0.029 Thread 0x00000196e7bb6920 Thread added: 0x00000196fecbbfd0
Event: 0.052 Thread 0x00000196e7bb6920 Thread added: 0x00000196ff60e9a0
Event: 0.054 Thread 0x00000196e7bb6920 Thread added: 0x00000196ff6141f0
Event: 0.124 Thread 0x00000196fecb6e50 Thread added: 0x00000196ff81e3e0


Dynamic libraries:
0x00007ff754770000 - 0x00007ff75477e000 	C:\Program Files\Eclipse Adoptium\jdk-21.0.6.7-hotspot\bin\java.exe
0x00007ffdac3c0000 - 0x00007ffdac627000 	C:\WINDOWS\SYSTEM32\ntdll.dll
0x00007ffdaad90000 - 0x00007ffdaae59000 	C:\WINDOWS\System32\KERNEL32.DLL
0x00007ffda9690000 - 0x00007ffda9a87000 	C:\WINDOWS\System32\KERNELBASE.dll
0x00007ffda9d70000 - 0x00007ffda9ebb000 	C:\WINDOWS\System32\ucrtbase.dll
0x00007ffd743c0000 - 0x00007ffd743de000 	C:\Program Files\Eclipse Adoptium\jdk-21.0.6.7-hotspot\bin\VCRUNTIME140.dll
0x00007ffd4e8c0000 - 0x00007ffd4e8d8000 	C:\Program Files\Eclipse Adoptium\jdk-21.0.6.7-hotspot\bin\jli.dll
0x00007ffdaaf20000 - 0x00007ffdab0e6000 	C:\WINDOWS\System32\USER32.dll
0x00007ffda8df0000 - 0x00007ffda8e17000 	C:\WINDOWS\System32\win32u.dll
0x00007ffd7d300000 - 0x00007ffd7d592000 	C:\WINDOWS\WinSxS\amd64_microsoft.windows.common-controls_6595b64144ccf1df_6.0.26100.8328_none_3e08182ce334b678\COMCTL32.dll
0x00007ffdaab80000 - 0x00007ffdaabab000 	C:\WINDOWS\System32\GDI32.dll
0x00007ffdaa190000 - 0x00007ffdaa239000 	C:\WINDOWS\System32\msvcrt.dll
0x00007ffda9ec0000 - 0x00007ffda9fec000 	C:\WINDOWS\System32\gdi32full.dll
0x00007ffda9cc0000 - 0x00007ffda9d63000 	C:\WINDOWS\System32\msvcp_win.dll
0x00007ffdaa140000 - 0x00007ffdaa172000 	C:\WINDOWS\System32\IMM32.DLL
0x00007ffd84990000 - 0x00007ffd8499c000 	C:\Program Files\Eclipse Adoptium\jdk-21.0.6.7-hotspot\bin\vcruntime140_1.dll
0x00007ffd2df80000 - 0x00007ffd2e00d000 	C:\Program Files\Eclipse Adoptium\jdk-21.0.6.7-hotspot\bin\msvcp140.dll
0x00007ffcf3e80000 - 0x00007ffcf4c10000 	C:\Program Files\Eclipse Adoptium\jdk-21.0.6.7-hotspot\bin\server\jvm.dll
0x00007ffdaa9c0000 - 0x00007ffdaaa76000 	C:\WINDOWS\System32\ADVAPI32.dll
0x00007ffdaa5c0000 - 0x00007ffdaa667000 	C:\WINDOWS\System32\sechost.dll
0x00007ffdaa8a0000 - 0x00007ffdaa9b8000 	C:\WINDOWS\System32\RPCRT4.dll
0x00007ffdab920000 - 0x00007ffdab9a0000 	C:\WINDOWS\System32\WS2_32.dll
0x00007ffda8ba0000 - 0x00007ffda8bfe000 	C:\WINDOWS\SYSTEM32\POWRPROF.dll
0x00007ffda20d0000 - 0x00007ffda2106000 	C:\WINDOWS\SYSTEM32\WINMM.dll
0x00007ffda0bf0000 - 0x00007ffda0bfb000 	C:\WINDOWS\SYSTEM32\VERSION.dll
0x00007ffda8a80000 - 0x00007ffda8a94000 	C:\WINDOWS\SYSTEM32\UMPDC.dll
0x00007ffda7b40000 - 0x00007ffda7b5b000 	C:\WINDOWS\SYSTEM32\kernel.appcore.dll
0x00007ffd6fdf0000 - 0x00007ffd6fdfa000 	C:\Program Files\Eclipse Adoptium\jdk-21.0.6.7-hotspot\bin\jimage.dll
0x00007ffda6bc0000 - 0x00007ffda6e02000 	C:\WINDOWS\SYSTEM32\DBGHELP.DLL
0x00007ffdab580000 - 0x00007ffdab903000 	C:\WINDOWS\System32\combase.dll
0x00007ffdaa670000 - 0x00007ffdaa749000 	C:\WINDOWS\System32\OLEAUT32.dll
0x00007ffd6a810000 - 0x00007ffd6a84b000 	C:\WINDOWS\SYSTEM32\dbgcore.DLL
0x00007ffda9c10000 - 0x00007ffda9cb8000 	C:\WINDOWS\System32\bcryptPrimitives.dll
0x00007ffd2e950000 - 0x00007ffd2e96f000 	C:\Program Files\Eclipse Adoptium\jdk-21.0.6.7-hotspot\bin\java.dll
0x00007ffdabbe0000 - 0x00007ffdac34e000 	C:\WINDOWS\System32\SHELL32.dll
0x00007ffda8e20000 - 0x00007ffda968c000 	C:\WINDOWS\System32\windows.storage.dll
0x00007ffdaaa80000 - 0x00007ffdaab76000 	C:\WINDOWS\System32\SHCORE.dll
0x00007ffdaa750000 - 0x00007ffdaa7b6000 	C:\WINDOWS\System32\shlwapi.dll
0x00007ffda8d10000 - 0x00007ffda8d39000 	C:\WINDOWS\SYSTEM32\profapi.dll
0x00007ffd2aac0000 - 0x00007ffd2ab97000 	C:\Program Files\Eclipse Adoptium\jdk-21.0.6.7-hotspot\bin\jsvml.dll
0x00007ffd67780000 - 0x00007ffd67790000 	C:\Program Files\Eclipse Adoptium\jdk-21.0.6.7-hotspot\bin\net.dll
0x00007ffda0a10000 - 0x00007ffda0b39000 	C:\WINDOWS\SYSTEM32\WINHTTP.dll
0x00007ffda80a0000 - 0x00007ffda810c000 	C:\WINDOWS\system32\mswsock.dll
0x00007ffd2e910000 - 0x00007ffd2e926000 	C:\Program Files\Eclipse Adoptium\jdk-21.0.6.7-hotspot\bin\nio.dll
0x00007ffd2e930000 - 0x00007ffd2e948000 	C:\Program Files\Eclipse Adoptium\jdk-21.0.6.7-hotspot\bin\zip.dll
0x00007ffd76f00000 - 0x00007ffd76f7b000 	C:\Users\harri\AppData\Local\Temp\lwjgl_harri\3.3.3+5\x64\lwjgl.dll
0x00007ffd69700000 - 0x00007ffd6975e000 	C:\Users\harri\AppData\Local\Temp\lwjgl_harri\3.3.3+5\x64\lwjgl_opengl.dll
0x00007ffd565b0000 - 0x00007ffd566bf000 	C:\WINDOWS\SYSTEM32\opengl32.dll
0x00007ffd56380000 - 0x00007ffd563ad000 	C:\WINDOWS\SYSTEM32\GLU32.dll
0x00007ffda5fd0000 - 0x00007ffda6015000 	C:\WINDOWS\SYSTEM32\dxcore.dll

dbghelp: loaded successfully - version: 4.0.5 - missing functions: none
symbol engine: initialized successfully - sym options: 0x614 - pdb path: .;C:\Program Files\Eclipse Adoptium\jdk-21.0.6.7-hotspot\bin;C:\WINDOWS\SYSTEM32;C:\WINDOWS\WinSxS\amd64_microsoft.windows.common-controls_6595b64144ccf1df_6.0.26100.8328_none_3e08182ce334b678;C:\Program Files\Eclipse Adoptium\jdk-21.0.6.7-hotspot\bin\server;C:\Users\harri\AppData\Local\Temp\lwjgl_harri\3.3.3+5\x64

VM Arguments:
jvm_args: -Dfile.encoding=UTF-8 -Duser.country=GB -Duser.language=en -Duser.variant 
java_command: com.crystal.sandbox.SandboxMain
java_class_path (initial): C:\Users\harri\IdeaProjects\Crystal\crystal-sandbox\build\classes\java\main;C:\Users\harri\IdeaProjects\Crystal\crystal-sandbox\build\resources\main;C:\Users\harri\IdeaProjects\Crystal\crystal-engine\build\libs\crystal-engine.jar;C:\Users\harri\.gradle\caches\modules-2\files-2.1\ch.qos.logback\logback-classic\1.5.13\e6f82a9ce14a912c7dab831164ec6f10cc3eeb1b\logback-classic-1.5.13.jar;C:\Users\harri\.gradle\caches\modules-2\files-2.1\org.slf4j\slf4j-api\2.0.15\35ed0d9a6b7c011bb8656087f79e371263b3b485\slf4j-api-2.0.15.jar;C:\Users\harri\.gradle\caches\modules-2\files-2.1\org.lwjgl\lwjgl-glfw\3.3.3\efa1eb78c5ccd840e9f329717109b5e892d72f8e\lwjgl-glfw-3.3.3.jar;C:\Users\harri\.gradle\caches\modules-2\files-2.1\org.lwjgl\lwjgl-glfw\3.3.3\e449e28b4891fc423c54c85fbc5bb0b9efece67a\lwjgl-glfw-3.3.3-natives-windows.jar;C:\Users\harri\.gradle\caches\modules-2\files-2.1\org.lwjgl\lwjgl-opengl\3.3.3\2f6b0147078396a58979125a4c947664e98293a\lwjgl-opengl-3.3.3.jar;C:\Users\harri\.gradle\caches\modules-2\files-2.1\org.lwjgl\lwjgl-opengl\3.3.3\e6c1eec8be8a71951b830a4d69efc01c6531900c\lwjgl-opengl-3.3.3-natives-windows.jar;C:\Users\harri\.gradle\caches\modules-2\files-2.1\org.lwjgl\lwjgl\3.3.3\29589b5f87ed335a6c7e7ee6a5775f81f97ecb84\lwjgl-3.3.3.jar;C:\Users\harri\.gradle\caches\modules-2\files-2.1\org.lwjgl\lwjgl\3.3.3\a5ed18a2b82fc91b81f40d717cb1f64c9dcb0540\lwjgl-3.3.3-natives-windows.jar;C:\Users\harri\.gradle\caches\modules-2\files-2.1\org.fusesource.jansi\jansi\2.4.1\d5774f204d990c9f5da2809b88f928515577beb4\jansi-2.4.1.jar;C:\Users\harri\.gradle\caches\modules-2\files-2.1\ch.qos.logback\logback-core\1.5.13\ccd418c6f1a5a93e57e7b5bb9a3f708dbd563cd8\logback-core-1.5.13.jar
Launcher Type: SUN_STANDARD

[Global flags]
     intx CICompilerCount                          = 4                                         {product} {ergonomic}
     uint ConcGCThreads                            = 2                                         {product} {ergonomic}
     uint G1ConcRefinementThreads                  = 8                                         {product} {ergonomic}
   size_t G1HeapRegionSize                         = 4194304                                   {product} {ergonomic}
    uintx GCDrainStackTargetSize                   = 64                                        {product} {ergonomic}
   size_t InitialHeapSize                          = 536870912                                 {product} {ergonomic}
   size_t MarkStackSize                            = 4194304                                   {product} {ergonomic}
   size_t MaxHeapSize                              = 8577351680                                {product} {ergonomic}
   size_t MaxNewSize                               = 5146411008                                {product} {ergonomic}
   size_t MinHeapDeltaBytes                        = 4194304                                   {product} {ergonomic}
   size_t MinHeapSize                              = 8388608                                   {product} {ergonomic}
    uintx NonNMethodCodeHeapSize                   = 5839372                                {pd product} {ergonomic}
    uintx NonProfiledCodeHeapSize                  = 122909434                              {pd product} {ergonomic}
    uintx ProfiledCodeHeapSize                     = 122909434                              {pd product} {ergonomic}
    uintx ReservedCodeCacheSize                    = 251658240                              {pd product} {ergonomic}
     bool SegmentedCodeCache                       = true                                      {product} {ergonomic}
   size_t SoftMaxHeapSize                          = 8577351680                             {manageable} {ergonomic}
     bool UseCompressedOops                        = true                           {product lp64_product} {ergonomic}
     bool UseG1GC                                  = true                                      {product} {ergonomic}
     bool UseLargePagesIndividualAllocation        = false                                  {pd product} {ergonomic}

Logging:
Log output configuration:
 #0: stdout all=warning uptime,level,tags foldmultilines=false
 #1: stderr all=off uptime,level,tags foldmultilines=false

Environment Variables:
JAVA_HOME=C:\Program Files\Eclipse Adoptium\jdk-21.0.6.7-hotspot\
PATH=C:\Program Files\Eclipse Adoptium\jdk-8.0.472.8-hotspot\bin;C:\Program Files\Eclipse Adoptium\jdk-21.0.6.7-hotspot\bin;C:\Program Files\Common Files\Oracle\Java\javapath;C:\Program Files (x86)\Common Files\Oracle\Java\java8path;C:\Program Files (x86)\Common Files\Oracle\Java\javapath;C:\VulkanSDK\1.4.304.0\Bin;C:\Program Files\Oculus\Support\oculus-runtime;C:\Program Files (x86)\Razer Chroma SDK\bin;C:\Program Files\Razer Chroma SDK\bin;C:\Program Files (x86)\Razer\ChromaBroadcast\bin;C:\Program Files\Razer\ChromaBroadcast\bin;C:\Program Files\Java\jdk-17\bin;C:\Windows\system32;C:\Windows;C:\Windows\System32\Wbem;C:\Windows\System32\WindowsPowerShell\v1.0\;C:\Windows\System32\OpenSSH\;C:\Program Files\dotnet\;C:\Windows\system32\config\systemprofile\AppData\Local\Microsoft\WindowsApps;C:\Users\harri\AppData\Local\Programs\Python\Python312\Scripts\;C:\Users\harri\AppData\Local\Programs\Python\Python312\;C:\Users\harri\AppData\Local\Microsoft\WindowsApps;C:\Program Files\JetBrains\PyCharm 2023.1.2\bin;C:\Program Files\JetBrains\PyCharm Community Edition 2023.1.2\bin;C:\Program Files (x86)\Windows Kits\10\Windows Performance Toolkit\;C:\Program Files (x86)\NVIDIA Corporation\PhysX\Common;C:\ProgramData\chocolatey\bin;C:\Program Files\NVIDIA Corporation\NVIDIA app\NvDLISR;C:\WINDOWS\system32;C:\WINDOWS;C:\WINDOWS\System32\Wbem;C:\WINDOWS\System32\WindowsPowerShell\v1.0\;C:\WINDOWS\System32\OpenSSH\;C:\Users\harri\AppData\Local\Microsoft\WindowsApps;C:\Program Files\JetBrains\PyCharm 2023.1.2\bin;;C:\Program Files\JetBrains\PyCharm Community Edition 2023.1.2\bin;;C:\Program Files\CMake\bin;
USERNAME=harri
OS=Windows_NT
PROCESSOR_IDENTIFIER=Intel64 Family 6 Model 158 Stepping 13, GenuineIntel
TMP=C:\Users\harri\AppData\Local\Temp
TEMP=C:\Users\harri\AppData\Local\Temp




Periodic native trim disabled

---------------  S Y S T E M  ---------------

OS:
 Windows 11 , 64 bit Build 26100 (10.0.26100.8328)
OS uptime: 0 days 1:26 hours
Hyper-V role detected

CPU: total 8 (initial active 8) (8 cores per cpu, 1 threads per core) family 6 model 158 stepping 13 microcode 0xf4, cx8, cmov, fxsr, mmx, 3dnowpref, sse, sse2, sse3, ssse3, sse4.1, sse4.2, popcnt, lzcnt, tsc, tscinvbit, avx, avx2, aes, erms, clmul, bmi1, bmi2, adx, fma, vzeroupper, clflush, clflushopt, hv, rdtscp, f16c
Processor Information for the first 8 processors :
  Max Mhz: 3000, Current Mhz: 3000, Mhz Limit: 3000

Memory: 4k page, system-wide physical 32705M (18241M free)
TotalPageFile size 34753M (AvailPageFile size 18801M)
current process WorkingSet (physical memory assigned to process): 75M, peak: 75M
current process commit charge ("private bytes"): 619M, peak: 619M

vm_info: OpenJDK 64-Bit Server VM (21.0.6+7-LTS) for windows-amd64 JRE (21.0.6+7-LTS), built on 2025-01-21T00:00:00Z by "admin" with MS VC++ 17.7 (VS2022)

END.
